{"/home/rabiii3/Documents/redpelicans/tictactoe-winter-2019/src/game.js": {"path":"/home/rabiii3/Documents/redpelicans/tictactoe-winter-2019/src/game.js","statementMap":{"0":{"start":{"line":3,"column":17},"end":{"line":3,"column":20}},"1":{"start":{"line":5,"column":17},"end":{"line":5,"column":20}},"2":{"start":{"line":7,"column":25},"end":{"line":7,"column":36}},"3":{"start":{"line":9,"column":28},"end":{"line":9,"column":42}},"4":{"start":{"line":11,"column":27},"end":{"line":11,"column":60}},"5":{"start":{"line":11,"column":36},"end":{"line":11,"column":60}},"6":{"start":{"line":13,"column":25},"end":{"line":13,"column":81}},"7":{"start":{"line":13,"column":35},"end":{"line":13,"column":80}},"8":{"start":{"line":15,"column":35},"end":{"line":15,"column":107}},"9":{"start":{"line":15,"column":56},"end":{"line":15,"column":107}},"10":{"start":{"line":17,"column":27},"end":{"line":17,"column":87}},"11":{"start":{"line":17,"column":33},"end":{"line":17,"column":87}},"12":{"start":{"line":19,"column":37},"end":{"line":19,"column":66}},"13":{"start":{"line":19,"column":46},"end":{"line":19,"column":66}},"14":{"start":{"line":21,"column":27},"end":{"line":22,"column":72}},"15":{"start":{"line":22,"column":2},"end":{"line":22,"column":72}},"16":{"start":{"line":24,"column":29},"end":{"line":24,"column":112}},"17":{"start":{"line":24,"column":67},"end":{"line":24,"column":111}},"18":{"start":{"line":26,"column":15},"end":{"line":26,"column":46}},"19":{"start":{"line":26,"column":21},"end":{"line":26,"column":46}},"20":{"start":{"line":28,"column":28},"end":{"line":31,"column":1}},"21":{"start":{"line":29,"column":18},"end":{"line":29,"column":36}},"22":{"start":{"line":30,"column":2},"end":{"line":30,"column":27}}},"fnMap":{"0":{"name":"(anonymous_0)","decl":{"start":{"line":11,"column":27},"end":{"line":11,"column":28}},"loc":{"start":{"line":11,"column":36},"end":{"line":11,"column":60}},"line":11},"1":{"name":"(anonymous_1)","decl":{"start":{"line":13,"column":25},"end":{"line":13,"column":26}},"loc":{"start":{"line":13,"column":35},"end":{"line":13,"column":80}},"line":13},"2":{"name":"(anonymous_2)","decl":{"start":{"line":15,"column":35},"end":{"line":15,"column":36}},"loc":{"start":{"line":15,"column":56},"end":{"line":15,"column":107}},"line":15},"3":{"name":"(anonymous_3)","decl":{"start":{"line":17,"column":27},"end":{"line":17,"column":28}},"loc":{"start":{"line":17,"column":33},"end":{"line":17,"column":87}},"line":17},"4":{"name":"(anonymous_4)","decl":{"start":{"line":19,"column":37},"end":{"line":19,"column":38}},"loc":{"start":{"line":19,"column":46},"end":{"line":19,"column":66}},"line":19},"5":{"name":"(anonymous_5)","decl":{"start":{"line":21,"column":27},"end":{"line":21,"column":28}},"loc":{"start":{"line":22,"column":2},"end":{"line":22,"column":72}},"line":22},"6":{"name":"(anonymous_6)","decl":{"start":{"line":24,"column":29},"end":{"line":24,"column":30}},"loc":{"start":{"line":24,"column":67},"end":{"line":24,"column":111}},"line":24},"7":{"name":"(anonymous_7)","decl":{"start":{"line":26,"column":15},"end":{"line":26,"column":16}},"loc":{"start":{"line":26,"column":21},"end":{"line":26,"column":46}},"line":26},"8":{"name":"(anonymous_8)","decl":{"start":{"line":28,"column":28},"end":{"line":28,"column":29}},"loc":{"start":{"line":28,"column":50},"end":{"line":31,"column":1}},"line":28}},"branchMap":{"0":{"loc":{"start":{"line":13,"column":35},"end":{"line":13,"column":80}},"type":"cond-expr","locations":[{"start":{"line":13,"column":56},"end":{"line":13,"column":65}},{"start":{"line":13,"column":68},"end":{"line":13,"column":80}}],"line":13},"1":{"loc":{"start":{"line":22,"column":2},"end":{"line":22,"column":72}},"type":"cond-expr","locations":[{"start":{"line":22,"column":23},"end":{"line":22,"column":28}},{"start":{"line":22,"column":31},"end":{"line":22,"column":72}}],"line":22},"2":{"loc":{"start":{"line":24,"column":67},"end":{"line":24,"column":111}},"type":"cond-expr","locations":[{"start":{"line":24,"column":94},"end":{"line":24,"column":100}},{"start":{"line":24,"column":103},"end":{"line":24,"column":111}}],"line":24}},"s":{"0":9,"1":9,"2":9,"3":9,"4":9,"5":10,"6":9,"7":2,"8":9,"9":1,"10":9,"11":1,"12":9,"13":1,"14":9,"15":3,"16":9,"17":5,"18":9,"19":1,"20":9,"21":1,"22":1},"f":{"0":10,"1":2,"2":1,"3":1,"4":1,"5":3,"6":5,"7":1,"8":1},"b":{"0":[1,1],"1":[0,3],"2":[3,2]},"_coverageSchema":"332fd63041d2c1bcb487cc26dd0d5f7d97098a6c","hash":"7bcf706d4185fb45d5ee3d8c543b79699a6c6ef0"}
,"/home/rabiii3/Documents/redpelicans/tictactoe-winter-2019/src/icons.js": {"path":"/home/rabiii3/Documents/redpelicans/tictactoe-winter-2019/src/icons.js","statementMap":{"0":{"start":{"line":3,"column":22},"end":{"line":3,"column":111}},"1":{"start":{"line":5,"column":22},"end":{"line":5,"column":56}},"2":{"start":{"line":7,"column":15},"end":{"line":7,"column":74}},"3":{"start":{"line":7,"column":29},"end":{"line":7,"column":74}},"4":{"start":{"line":9,"column":25},"end":{"line":15,"column":4}},"5":{"start":{"line":10,"column":2},"end":{"line":15,"column":4}},"6":{"start":{"line":11,"column":4},"end":{"line":14,"column":6}},"7":{"start":{"line":12,"column":12},"end":{"line":12,"column":105}},"8":{"start":{"line":17,"column":26},"end":{"line":23,"column":3}},"9":{"start":{"line":18,"column":4},"end":{"line":18,"column":24}},"10":{"start":{"line":18,"column":17},"end":{"line":18,"column":24}},"11":{"start":{"line":19,"column":4},"end":{"line":22,"column":7}},"12":{"start":{"line":20,"column":6},"end":{"line":20,"column":23}},"13":{"start":{"line":21,"column":6},"end":{"line":21,"column":34}}},"fnMap":{"0":{"name":"(anonymous_0)","decl":{"start":{"line":7,"column":15},"end":{"line":7,"column":16}},"loc":{"start":{"line":7,"column":29},"end":{"line":7,"column":74}},"line":7},"1":{"name":"(anonymous_1)","decl":{"start":{"line":9,"column":25},"end":{"line":9,"column":26}},"loc":{"start":{"line":10,"column":2},"end":{"line":15,"column":4}},"line":10},"2":{"name":"(anonymous_2)","decl":{"start":{"line":10,"column":14},"end":{"line":10,"column":15}},"loc":{"start":{"line":10,"column":25},"end":{"line":15,"column":3}},"line":10},"3":{"name":"(anonymous_3)","decl":{"start":{"line":12,"column":6},"end":{"line":12,"column":7}},"loc":{"start":{"line":12,"column":12},"end":{"line":12,"column":105}},"line":12},"4":{"name":"(anonymous_4)","decl":{"start":{"line":17,"column":26},"end":{"line":17,"column":27}},"loc":{"start":{"line":17,"column":45},"end":{"line":23,"column":3}},"line":17},"5":{"name":"(anonymous_5)","decl":{"start":{"line":19,"column":22},"end":{"line":19,"column":23}},"loc":{"start":{"line":19,"column":30},"end":{"line":22,"column":5}},"line":19}},"branchMap":{"0":{"loc":{"start":{"line":18,"column":4},"end":{"line":18,"column":24}},"type":"if","locations":[{"start":{"line":18,"column":4},"end":{"line":18,"column":24}},{"start":{"line":18,"column":4},"end":{"line":18,"column":24}}],"line":18}},"s":{"0":4,"1":4,"2":4,"3":0,"4":4,"5":0,"6":0,"7":0,"8":4,"9":0,"10":0,"11":0,"12":0,"13":0},"f":{"0":0,"1":0,"2":0,"3":0,"4":0,"5":0},"b":{"0":[0,0]},"_coverageSchema":"332fd63041d2c1bcb487cc26dd0d5f7d97098a6c","hash":"c43ce11cdaf7f0cce5a20d8c8e6429c759e10d62"}
,"/home/rabiii3/Documents/redpelicans/tictactoe-winter-2019/src/index.js": {"path":"/home/rabiii3/Documents/redpelicans/tictactoe-winter-2019/src/index.js","statementMap":{"0":{"start":{"line":1,"column":0},"end":{"line":null,"column":-1}},"1":{"start":{"line":2,"column":0},"end":{"line":null,"column":-1}},"2":{"start":{"line":4,"column":0},"end":{"line":null,"column":-1}},"3":{"start":{"line":6,"column":0},"end":{"line":null,"column":-1}},"4":{"start":{"line":7,"column":0},"end":{"line":null,"column":-1}},"5":{"start":{"line":8,"column":0},"end":{"line":null,"column":-1}},"6":{"start":{"line":9,"column":0},"end":{"line":null,"column":-1}},"7":{"start":{"line":10,"column":0},"end":{"line":null,"column":-1}},"8":{"start":{"line":13,"column":13},"end":{"line":13,"column":0}},"9":{"start":{"line":14,"column":15},"end":{"line":14,"column":0}},"10":{"start":{"line":15,"column":14},"end":{"line":15,"column":0}},"11":{"start":{"line":16,"column":17},"end":{"line":16,"column":0}},"12":{"start":{"line":17,"column":16},"end":{"line":17,"column":0}},"13":{"start":{"line":19,"column":21},"end":{"line":19,"column":0}},"14":{"start":{"line":32,"column":21},"end":{"line":32,"column":7}},"15":{"start":{"line":34,"column":14},"end":{"line":34,"column":0}},"16":{"start":{"line":37,"column":2},"end":{"line":36,"column":0}},"17":{"start":{"line":45,"column":0},"end":{"line":null,"column":-1}}},"fnMap":{},"branchMap":{"0":{"loc":{"start":{"line":13,"column":13},"end":{"line":13,"column":33}},"type":"binary-expr","locations":[{"start":{"line":13,"column":13},"end":{"line":13,"column":33}},{"start":{"line":13,"column":34},"end":{"line":13,"column":0}}]}},"s":{"0":0,"1":0,"2":0,"3":0,"4":0,"5":0,"6":0,"7":0,"8":0,"9":0,"10":0,"11":0,"12":0,"13":0,"14":0,"15":0,"16":0,"17":0},"f":{},"b":{"0":[0,0]}}
,"/home/rabiii3/Documents/redpelicans/tictactoe-winter-2019/src/request.js": {"path":"/home/rabiii3/Documents/redpelicans/tictactoe-winter-2019/src/request.js","statementMap":{"0":{"start":{"line":4,"column":19},"end":{"line":4,"column":56}},"1":{"start":{"line":5,"column":27},"end":{"line":5,"column":62}},"2":{"start":{"line":5,"column":33},"end":{"line":5,"column":62}},"3":{"start":{"line":6,"column":25},"end":{"line":6,"column":62}},"4":{"start":{"line":6,"column":31},"end":{"line":6,"column":62}},"5":{"start":{"line":8,"column":35},"end":{"line":8,"column":100}},"6":{"start":{"line":8,"column":43},"end":{"line":8,"column":100}},"7":{"start":{"line":9,"column":26},"end":{"line":9,"column":89}},"8":{"start":{"line":9,"column":34},"end":{"line":9,"column":89}}},"fnMap":{"0":{"name":"(anonymous_0)","decl":{"start":{"line":5,"column":27},"end":{"line":5,"column":28}},"loc":{"start":{"line":5,"column":33},"end":{"line":5,"column":62}},"line":5},"1":{"name":"(anonymous_1)","decl":{"start":{"line":6,"column":25},"end":{"line":6,"column":26}},"loc":{"start":{"line":6,"column":31},"end":{"line":6,"column":62}},"line":6},"2":{"name":"(anonymous_2)","decl":{"start":{"line":8,"column":35},"end":{"line":8,"column":36}},"loc":{"start":{"line":8,"column":43},"end":{"line":8,"column":100}},"line":8},"3":{"name":"(anonymous_3)","decl":{"start":{"line":9,"column":26},"end":{"line":9,"column":27}},"loc":{"start":{"line":9,"column":34},"end":{"line":9,"column":89}},"line":9}},"branchMap":{},"s":{"0":3,"1":3,"2":1,"3":3,"4":1,"5":3,"6":1,"7":3,"8":1},"f":{"0":1,"1":1,"2":1,"3":1},"b":{},"_coverageSchema":"332fd63041d2c1bcb487cc26dd0d5f7d97098a6c","hash":"fab4174e28b89794d1650897bbbbda1ff2c270d4"}
,"/home/rabiii3/Documents/redpelicans/tictactoe-winter-2019/src/setupTests.js": {"path":"/home/rabiii3/Documents/redpelicans/tictactoe-winter-2019/src/setupTests.js","statementMap":{"0":{"start":{"line":4,"column":0},"end":{"line":4,"column":38}}},"fnMap":{},"branchMap":{},"s":{"0":12},"f":{},"b":{},"_coverageSchema":"332fd63041d2c1bcb487cc26dd0d5f7d97098a6c","hash":"c080782186368bb22c143a9c1490a9d218239010"}
,"/home/rabiii3/Documents/redpelicans/tictactoe-winter-2019/src/actions/game.js": {"path":"/home/rabiii3/Documents/redpelicans/tictactoe-winter-2019/src/actions/game.js","statementMap":{"0":{"start":{"line":13,"column":23},"end":{"line":13,"column":32}},"1":{"start":{"line":14,"column":22},"end":{"line":14,"column":30}},"2":{"start":{"line":15,"column":30},"end":{"line":15,"column":46}},"3":{"start":{"line":16,"column":21},"end":{"line":16,"column":28}},"4":{"start":{"line":45,"column":31},"end":{"line":61,"column":1}},"5":{"start":{"line":45,"column":37},"end":{"line":61,"column":1}},"6":{"start":{"line":48,"column":6},"end":{"line":48,"column":16}},"7":{"start":{"line":49,"column":2},"end":{"line":56,"column":5}},"8":{"start":{"line":59,"column":6},"end":{"line":59,"column":16}},"9":{"start":{"line":60,"column":2},"end":{"line":60,"column":57}},"10":{"start":{"line":60,"column":32},"end":{"line":60,"column":57}},"11":{"start":{"line":63,"column":26},"end":{"line":69,"column":1}},"12":{"start":{"line":63,"column":35},"end":{"line":69,"column":1}},"13":{"start":{"line":66,"column":6},"end":{"line":66,"column":16}},"14":{"start":{"line":67,"column":19},"end":{"line":67,"column":59}},"15":{"start":{"line":68,"column":2},"end":{"line":68,"column":33}},"16":{"start":{"line":71,"column":21},"end":{"line":79,"column":1}},"17":{"start":{"line":71,"column":27},"end":{"line":79,"column":1}},"18":{"start":{"line":74,"column":6},"end":{"line":74,"column":16}},"19":{"start":{"line":75,"column":2},"end":{"line":78,"column":5}},"20":{"start":{"line":76,"column":21},"end":{"line":76,"column":60}},"21":{"start":{"line":77,"column":4},"end":{"line":77,"column":59}},"22":{"start":{"line":77,"column":21},"end":{"line":77,"column":51}},"23":{"start":{"line":81,"column":26},"end":{"line":118,"column":1}},"24":{"start":{"line":81,"column":38},"end":{"line":118,"column":1}},"25":{"start":{"line":82,"column":2},"end":{"line":87,"column":5}},"26":{"start":{"line":91,"column":6},"end":{"line":91,"column":16}},"27":{"start":{"line":92,"column":2},"end":{"line":117,"column":5}},"28":{"start":{"line":93,"column":4},"end":{"line":116,"column":5}},"29":{"start":{"line":94,"column":6},"end":{"line":102,"column":9}},"30":{"start":{"line":104,"column":6},"end":{"line":109,"column":9}},"31":{"start":{"line":113,"column":10},"end":{"line":113,"column":20}},"32":{"start":{"line":114,"column":6},"end":{"line":114,"column":49}},"33":{"start":{"line":115,"column":6},"end":{"line":115,"column":50}},"34":{"start":{"line":115,"column":25},"end":{"line":115,"column":50}}},"fnMap":{"0":{"name":"(anonymous_0)","decl":{"start":{"line":45,"column":31},"end":{"line":45,"column":32}},"loc":{"start":{"line":45,"column":37},"end":{"line":61,"column":1}},"line":45},"1":{"name":"(anonymous_1)","decl":{"start":{"line":45,"column":37},"end":{"line":45,"column":38}},"loc":{"start":{"line":45,"column":61},"end":{"line":61,"column":1}},"line":45},"2":{"name":"(anonymous_2)","decl":{"start":{"line":63,"column":26},"end":{"line":63,"column":27}},"loc":{"start":{"line":63,"column":35},"end":{"line":69,"column":1}},"line":63},"3":{"name":"(anonymous_3)","decl":{"start":{"line":63,"column":35},"end":{"line":63,"column":36}},"loc":{"start":{"line":63,"column":59},"end":{"line":69,"column":1}},"line":63},"4":{"name":"(anonymous_4)","decl":{"start":{"line":71,"column":21},"end":{"line":71,"column":22}},"loc":{"start":{"line":71,"column":27},"end":{"line":79,"column":1}},"line":71},"5":{"name":"(anonymous_5)","decl":{"start":{"line":71,"column":27},"end":{"line":71,"column":28}},"loc":{"start":{"line":71,"column":51},"end":{"line":79,"column":1}},"line":71},"6":{"name":"(anonymous_6)","decl":{"start":{"line":75,"column":93},"end":{"line":75,"column":94}},"loc":{"start":{"line":75,"column":107},"end":{"line":78,"column":3}},"line":75},"7":{"name":"(anonymous_7)","decl":{"start":{"line":77,"column":15},"end":{"line":77,"column":16}},"loc":{"start":{"line":77,"column":21},"end":{"line":77,"column":51}},"line":77},"8":{"name":"(anonymous_8)","decl":{"start":{"line":81,"column":26},"end":{"line":81,"column":27}},"loc":{"start":{"line":81,"column":38},"end":{"line":118,"column":1}},"line":81},"9":{"name":"(anonymous_9)","decl":{"start":{"line":81,"column":38},"end":{"line":81,"column":39}},"loc":{"start":{"line":81,"column":62},"end":{"line":118,"column":1}},"line":81},"10":{"name":"(anonymous_10)","decl":{"start":{"line":92,"column":29},"end":{"line":92,"column":30}},"loc":{"start":{"line":92,"column":45},"end":{"line":117,"column":3}},"line":92}},"branchMap":{"0":{"loc":{"start":{"line":60,"column":2},"end":{"line":60,"column":57}},"type":"if","locations":[{"start":{"line":60,"column":2},"end":{"line":60,"column":57}},{"start":{"line":60,"column":2},"end":{"line":60,"column":57}}],"line":60},"1":{"loc":{"start":{"line":93,"column":4},"end":{"line":116,"column":5}},"type":"if","locations":[{"start":{"line":93,"column":4},"end":{"line":116,"column":5}},{"start":{"line":93,"column":4},"end":{"line":116,"column":5}}],"line":93},"2":{"loc":{"start":{"line":93,"column":8},"end":{"line":93,"column":36}},"type":"binary-expr","locations":[{"start":{"line":93,"column":8},"end":{"line":93,"column":14}},{"start":{"line":93,"column":18},"end":{"line":93,"column":36}}],"line":93},"3":{"loc":{"start":{"line":115,"column":6},"end":{"line":115,"column":50}},"type":"if","locations":[{"start":{"line":115,"column":6},"end":{"line":115,"column":50}},{"start":{"line":115,"column":6},"end":{"line":115,"column":50}}],"line":115}},"s":{"0":3,"1":3,"2":3,"3":3,"4":3,"5":0,"6":0,"7":0,"8":0,"9":0,"10":0,"11":3,"12":0,"13":0,"14":0,"15":0,"16":3,"17":1,"18":1,"19":1,"20":1,"21":1,"22":1,"23":3,"24":5,"25":5,"26":5,"27":5,"28":4,"29":1,"30":3,"31":3,"32":3,"33":3,"34":1},"f":{"0":0,"1":0,"2":0,"3":0,"4":1,"5":1,"6":1,"7":1,"8":5,"9":5,"10":4},"b":{"0":[0,0],"1":[1,3],"2":[4,3],"3":[1,2]},"_coverageSchema":"332fd63041d2c1bcb487cc26dd0d5f7d97098a6c","hash":"9bf880fb5aa141571d6a0480c43702619b5cbbde"}
,"/home/rabiii3/Documents/redpelicans/tictactoe-winter-2019/src/components/App/component.js": {"path":"/home/rabiii3/Documents/redpelicans/tictactoe-winter-2019/src/components/App/component.js","statementMap":{"0":{"start":{"line":10,"column":18},"end":{"line":34,"column":1}},"1":{"start":{"line":11,"column":2},"end":{"line":33,"column":9}},"2":{"start":{"line":36,"column":0},"end":{"line":46,"column":2}}},"fnMap":{"0":{"name":"(anonymous_0)","decl":{"start":{"line":10,"column":18},"end":{"line":10,"column":19}},"loc":{"start":{"line":11,"column":2},"end":{"line":33,"column":9}},"line":11}},"branchMap":{},"s":{"0":2,"1":0,"2":2},"f":{"0":0},"b":{},"_coverageSchema":"332fd63041d2c1bcb487cc26dd0d5f7d97098a6c","hash":"9f90bb7cd3a870e94437cdaa115f9db6bccda3c1"}
,"/home/rabiii3/Documents/redpelicans/tictactoe-winter-2019/src/components/App/index.js": {"path":"/home/rabiii3/Documents/redpelicans/tictactoe-winter-2019/src/components/App/index.js","statementMap":{"0":{"start":{"line":5,"column":24},"end":{"line":12,"column":2}},"1":{"start":{"line":5,"column":34},"end":{"line":12,"column":1}},"2":{"start":{"line":14,"column":27},"end":{"line":17,"column":2}},"3":{"start":{"line":14,"column":40},"end":{"line":17,"column":1}},"4":{"start":{"line":15,"column":19},"end":{"line":15,"column":46}},"5":{"start":{"line":16,"column":23},"end":{"line":16,"column":50}},"6":{"start":{"line":19,"column":16},"end":{"line":22,"column":1}}},"fnMap":{"0":{"name":"(anonymous_0)","decl":{"start":{"line":5,"column":24},"end":{"line":5,"column":25}},"loc":{"start":{"line":5,"column":34},"end":{"line":12,"column":1}},"line":5},"1":{"name":"(anonymous_1)","decl":{"start":{"line":14,"column":27},"end":{"line":14,"column":28}},"loc":{"start":{"line":14,"column":40},"end":{"line":17,"column":1}},"line":14},"2":{"name":"(anonymous_2)","decl":{"start":{"line":15,"column":13},"end":{"line":15,"column":14}},"loc":{"start":{"line":15,"column":19},"end":{"line":15,"column":46}},"line":15},"3":{"name":"(anonymous_3)","decl":{"start":{"line":16,"column":14},"end":{"line":16,"column":15}},"loc":{"start":{"line":16,"column":23},"end":{"line":16,"column":50}},"line":16}},"branchMap":{},"s":{"0":1,"1":0,"2":1,"3":0,"4":0,"5":0,"6":1},"f":{"0":0,"1":0,"2":0,"3":0},"b":{},"_coverageSchema":"332fd63041d2c1bcb487cc26dd0d5f7d97098a6c","hash":"277e4ceea85d274705f1b51b16dfc833f959d259"}
,"/home/rabiii3/Documents/redpelicans/tictactoe-winter-2019/src/components/Auth/index.js": {"path":"/home/rabiii3/Documents/redpelicans/tictactoe-winter-2019/src/components/Auth/index.js","statementMap":{"0":{"start":{"line":1,"column":0},"end":{"line":null,"column":-1}},"1":{"start":{"line":2,"column":0},"end":{"line":null,"column":-1}},"2":{"start":{"line":3,"column":0},"end":{"line":null,"column":-1}},"3":{"start":{"line":4,"column":0},"end":{"line":null,"column":-1}},"4":{"start":{"line":6,"column":13},"end":{"line":6,"column":0}},"5":{"start":{"line":6,"column":46},"end":{"line":6,"column":0}},"6":{"start":{"line":8,"column":0},"end":{"line":null,"column":-1}}},"fnMap":{"0":{"name":"(anonymous_0)","decl":{"start":{"line":6,"column":13},"end":{"line":6,"column":14}},"loc":{"start":{"line":6,"column":46},"end":{"line":6,"column":0}}}},"branchMap":{"0":{"loc":{"start":{"line":6,"column":53},"end":{"line":6,"column":50}},"type":"cond-expr","locations":[{"start":{"line":6,"column":53},"end":{"line":6,"column":50}},{"start":{"line":6,"column":64},"end":{"line":6,"column":0}}]}},"s":{"0":0,"1":0,"2":0,"3":0,"4":0,"5":0,"6":0},"f":{"0":0},"b":{"0":[0,0]}}
,"/home/rabiii3/Documents/redpelicans/tictactoe-winter-2019/src/components/BoardPanel/index.js": {"path":"/home/rabiii3/Documents/redpelicans/tictactoe-winter-2019/src/components/BoardPanel/index.js","statementMap":{"0":{"start":{"line":7,"column":15},"end":{"line":25,"column":1}},"1":{"start":{"line":27,"column":17},"end":{"line":27,"column":52}},"2":{"start":{"line":27,"column":23},"end":{"line":27,"column":52}},"3":{"start":{"line":29,"column":19},"end":{"line":29,"column":74}},"4":{"start":{"line":29,"column":34},"end":{"line":29,"column":74}},"5":{"start":{"line":31,"column":0},"end":{"line":33,"column":2}},"6":{"start":{"line":35,"column":22},"end":{"line":35,"column":86}},"7":{"start":{"line":35,"column":39},"end":{"line":35,"column":86}},"8":{"start":{"line":37,"column":0},"end":{"line":39,"column":2}},"9":{"start":{"line":41,"column":13},"end":{"line":50,"column":1}},"10":{"start":{"line":42,"column":2},"end":{"line":48,"column":3}},"11":{"start":{"line":43,"column":4},"end":{"line":46,"column":5}},"12":{"start":{"line":44,"column":6},"end":{"line":44,"column":56}},"13":{"start":{"line":44,"column":36},"end":{"line":44,"column":56}},"14":{"start":{"line":45,"column":6},"end":{"line":45,"column":49}},"15":{"start":{"line":47,"column":4},"end":{"line":47,"column":40}},"16":{"start":{"line":49,"column":2},"end":{"line":49,"column":38}},"17":{"start":{"line":52,"column":0},"end":{"line":57,"column":2}},"18":{"start":{"line":59,"column":19},"end":{"line":80,"column":1}},"19":{"start":{"line":60,"column":19},"end":{"line":60,"column":32}},"20":{"start":{"line":61,"column":2},"end":{"line":79,"column":4}},"21":{"start":{"line":72,"column":14},"end":{"line":72,"column":116}},"22":{"start":{"line":72,"column":102},"end":{"line":72,"column":112}},"23":{"start":{"line":82,"column":0},"end":{"line":88,"column":2}}},"fnMap":{"0":{"name":"(anonymous_0)","decl":{"start":{"line":27,"column":17},"end":{"line":27,"column":18}},"loc":{"start":{"line":27,"column":23},"end":{"line":27,"column":52}},"line":27},"1":{"name":"(anonymous_1)","decl":{"start":{"line":29,"column":19},"end":{"line":29,"column":20}},"loc":{"start":{"line":29,"column":34},"end":{"line":29,"column":74}},"line":29},"2":{"name":"(anonymous_2)","decl":{"start":{"line":35,"column":22},"end":{"line":35,"column":23}},"loc":{"start":{"line":35,"column":39},"end":{"line":35,"column":86}},"line":35},"3":{"name":"(anonymous_3)","decl":{"start":{"line":41,"column":13},"end":{"line":41,"column":14}},"loc":{"start":{"line":41,"column":60},"end":{"line":50,"column":1}},"line":41},"4":{"name":"(anonymous_4)","decl":{"start":{"line":59,"column":19},"end":{"line":59,"column":20}},"loc":{"start":{"line":59,"column":75},"end":{"line":80,"column":1}},"line":59},"5":{"name":"(anonymous_5)","decl":{"start":{"line":71,"column":12},"end":{"line":71,"column":13}},"loc":{"start":{"line":72,"column":14},"end":{"line":72,"column":116}},"line":72},"6":{"name":"(anonymous_6)","decl":{"start":{"line":72,"column":96},"end":{"line":72,"column":97}},"loc":{"start":{"line":72,"column":102},"end":{"line":72,"column":112}},"line":72}},"branchMap":{"0":{"loc":{"start":{"line":42,"column":2},"end":{"line":48,"column":3}},"type":"if","locations":[{"start":{"line":42,"column":2},"end":{"line":48,"column":3}},{"start":{"line":42,"column":2},"end":{"line":48,"column":3}}],"line":42},"1":{"loc":{"start":{"line":43,"column":4},"end":{"line":46,"column":5}},"type":"if","locations":[{"start":{"line":43,"column":4},"end":{"line":46,"column":5}},{"start":{"line":43,"column":4},"end":{"line":46,"column":5}}],"line":43},"2":{"loc":{"start":{"line":44,"column":6},"end":{"line":44,"column":56}},"type":"if","locations":[{"start":{"line":44,"column":6},"end":{"line":44,"column":56}},{"start":{"line":44,"column":6},"end":{"line":44,"column":56}}],"line":44},"3":{"loc":{"start":{"line":65,"column":11},"end":{"line":65,"column":107}},"type":"cond-expr","locations":[{"start":{"line":65,"column":54},"end":{"line":65,"column":93}},{"start":{"line":65,"column":96},"end":{"line":65,"column":107}}],"line":65},"4":{"loc":{"start":{"line":65,"column":11},"end":{"line":65,"column":51}},"type":"binary-expr","locations":[{"start":{"line":65,"column":11},"end":{"line":65,"column":34}},{"start":{"line":65,"column":38},"end":{"line":65,"column":51}}],"line":65}},"s":{"0":3,"1":3,"2":0,"3":3,"4":0,"5":3,"6":3,"7":0,"8":3,"9":3,"10":0,"11":0,"12":0,"13":0,"14":0,"15":0,"16":0,"17":3,"18":3,"19":0,"20":0,"21":0,"22":0,"23":3},"f":{"0":0,"1":0,"2":0,"3":0,"4":0,"5":0,"6":0},"b":{"0":[0,0],"1":[0,0],"2":[0,0],"3":[0,0],"4":[0,0]},"_coverageSchema":"332fd63041d2c1bcb487cc26dd0d5f7d97098a6c","hash":"75f74228bd285ecf50395a35846bd722aaf7c65b"}
,"/home/rabiii3/Documents/redpelicans/tictactoe-winter-2019/src/components/ChartPanel/index.js": {"path":"/home/rabiii3/Documents/redpelicans/tictactoe-winter-2019/src/components/ChartPanel/index.js","statementMap":{"0":{"start":{"line":7,"column":15},"end":{"line":12,"column":1}},"1":{"start":{"line":14,"column":21},"end":{"line":14,"column":122}},"2":{"start":{"line":14,"column":32},"end":{"line":14,"column":122}},"3":{"start":{"line":14,"column":55},"end":{"line":14,"column":109}},"4":{"start":{"line":15,"column":19},"end":{"line":15,"column":120}},"5":{"start":{"line":15,"column":30},"end":{"line":15,"column":120}},"6":{"start":{"line":15,"column":53},"end":{"line":15,"column":107}},"7":{"start":{"line":16,"column":13},"end":{"line":16,"column":107}},"8":{"start":{"line":16,"column":24},"end":{"line":16,"column":107}},"9":{"start":{"line":16,"column":48},"end":{"line":16,"column":93}},"10":{"start":{"line":19,"column":13},"end":{"line":22,"column":2}},"11":{"start":{"line":19,"column":25},"end":{"line":22,"column":1}},"12":{"start":{"line":24,"column":19},"end":{"line":30,"column":1}},"13":{"start":{"line":25,"column":2},"end":{"line":29,"column":9}},"14":{"start":{"line":32,"column":0},"end":{"line":35,"column":2}}},"fnMap":{"0":{"name":"(anonymous_0)","decl":{"start":{"line":14,"column":21},"end":{"line":14,"column":22}},"loc":{"start":{"line":14,"column":32},"end":{"line":14,"column":122}},"line":14},"1":{"name":"(anonymous_1)","decl":{"start":{"line":14,"column":39},"end":{"line":14,"column":40}},"loc":{"start":{"line":14,"column":55},"end":{"line":14,"column":109}},"line":14},"2":{"name":"(anonymous_2)","decl":{"start":{"line":15,"column":19},"end":{"line":15,"column":20}},"loc":{"start":{"line":15,"column":30},"end":{"line":15,"column":120}},"line":15},"3":{"name":"(anonymous_3)","decl":{"start":{"line":15,"column":37},"end":{"line":15,"column":38}},"loc":{"start":{"line":15,"column":53},"end":{"line":15,"column":107}},"line":15},"4":{"name":"(anonymous_4)","decl":{"start":{"line":16,"column":13},"end":{"line":16,"column":14}},"loc":{"start":{"line":16,"column":24},"end":{"line":16,"column":107}},"line":16},"5":{"name":"(anonymous_5)","decl":{"start":{"line":16,"column":32},"end":{"line":16,"column":33}},"loc":{"start":{"line":16,"column":48},"end":{"line":16,"column":93}},"line":16},"6":{"name":"(anonymous_6)","decl":{"start":{"line":19,"column":13},"end":{"line":19,"column":14}},"loc":{"start":{"line":19,"column":25},"end":{"line":22,"column":1}},"line":19},"7":{"name":"(anonymous_7)","decl":{"start":{"line":24,"column":19},"end":{"line":24,"column":20}},"loc":{"start":{"line":25,"column":2},"end":{"line":29,"column":9}},"line":25}},"branchMap":{"0":{"loc":{"start":{"line":14,"column":55},"end":{"line":14,"column":109}},"type":"cond-expr","locations":[{"start":{"line":14,"column":97},"end":{"line":14,"column":104}},{"start":{"line":14,"column":106},"end":{"line":14,"column":109}}],"line":14},"1":{"loc":{"start":{"line":14,"column":55},"end":{"line":14,"column":94}},"type":"binary-expr","locations":[{"start":{"line":14,"column":55},"end":{"line":14,"column":67}},{"start":{"line":14,"column":71},"end":{"line":14,"column":94}}],"line":14},"2":{"loc":{"start":{"line":15,"column":53},"end":{"line":15,"column":107}},"type":"cond-expr","locations":[{"start":{"line":15,"column":96},"end":{"line":15,"column":101}},{"start":{"line":15,"column":104},"end":{"line":15,"column":107}}],"line":15},"3":{"loc":{"start":{"line":15,"column":53},"end":{"line":15,"column":93}},"type":"binary-expr","locations":[{"start":{"line":15,"column":53},"end":{"line":15,"column":65}},{"start":{"line":15,"column":69},"end":{"line":15,"column":93}}],"line":15},"4":{"loc":{"start":{"line":16,"column":48},"end":{"line":16,"column":93}},"type":"cond-expr","locations":[{"start":{"line":16,"column":80},"end":{"line":16,"column":83}},{"start":{"line":16,"column":86},"end":{"line":16,"column":93}}],"line":16}},"s":{"0":3,"1":3,"2":0,"3":0,"4":3,"5":0,"6":0,"7":3,"8":0,"9":0,"10":3,"11":0,"12":3,"13":0,"14":3},"f":{"0":0,"1":0,"2":0,"3":0,"4":0,"5":0,"6":0,"7":0},"b":{"0":[0,0],"1":[0,0],"2":[0,0],"3":[0,0],"4":[0,0]},"_coverageSchema":"332fd63041d2c1bcb487cc26dd0d5f7d97098a6c","hash":"6cded85b74281c799261b0760ca9ef141dab98cf"}
,"/home/rabiii3/Documents/redpelicans/tictactoe-winter-2019/src/components/ComputerPlayButton/index.js": {"path":"/home/rabiii3/Documents/redpelicans/tictactoe-winter-2019/src/components/ComputerPlayButton/index.js","statementMap":{"0":{"start":{"line":6,"column":21},"end":{"line":6,"column":51}},"1":{"start":{"line":6,"column":31},"end":{"line":6,"column":51}},"2":{"start":{"line":8,"column":27},"end":{"line":12,"column":1}},"3":{"start":{"line":9,"column":2},"end":{"line":11,"column":11}},"4":{"start":{"line":14,"column":0},"end":{"line":19,"column":2}}},"fnMap":{"0":{"name":"(anonymous_0)","decl":{"start":{"line":6,"column":21},"end":{"line":6,"column":22}},"loc":{"start":{"line":6,"column":31},"end":{"line":6,"column":51}},"line":6},"1":{"name":"(anonymous_1)","decl":{"start":{"line":8,"column":27},"end":{"line":8,"column":28}},"loc":{"start":{"line":9,"column":2},"end":{"line":11,"column":11}},"line":9}},"branchMap":{"0":{"loc":{"start":{"line":9,"column":38},"end":{"line":9,"column":87}},"type":"binary-expr","locations":[{"start":{"line":9,"column":38},"end":{"line":9,"column":58}},{"start":{"line":9,"column":62},"end":{"line":9,"column":87}}],"line":9}},"s":{"0":1,"1":1,"2":1,"3":1,"4":1},"f":{"0":1,"1":1},"b":{"0":[1,0]},"_coverageSchema":"332fd63041d2c1bcb487cc26dd0d5f7d97098a6c","hash":"b5e5b527a668b9f33bac94deab3a65111cc3c406"}
,"/home/rabiii3/Documents/redpelicans/tictactoe-winter-2019/src/components/FinalLoginForm/index.js": {"path":"/home/rabiii3/Documents/redpelicans/tictactoe-winter-2019/src/components/FinalLoginForm/index.js","statementMap":{"0":{"start":{"line":1,"column":0},"end":{"line":null,"column":-1}},"1":{"start":{"line":2,"column":0},"end":{"line":null,"column":-1}},"2":{"start":{"line":3,"column":0},"end":{"line":null,"column":-1}},"3":{"start":{"line":4,"column":0},"end":{"line":null,"column":-1}},"4":{"start":{"line":6,"column":15},"end":{"line":6,"column":0}},"5":{"start":{"line":12,"column":17},"end":{"line":12,"column":0}},"6":{"start":{"line":13,"column":17},"end":{"line":13,"column":2}},"7":{"start":{"line":14,"column":16},"end":{"line":14,"column":2}},"8":{"start":{"line":15,"column":2},"end":{"line":17,"column":3}},"9":{"start":{"line":16,"column":4},"end":{"line":null,"column":-1}},"10":{"start":{"line":18,"column":2},"end":{"line":12,"column":27}},"11":{"start":{"line":19,"column":4},"end":{"line":null,"column":-1}},"12":{"start":{"line":22,"column":2},"end":{"line":null,"column":-1}},"13":{"start":{"line":27,"column":23},"end":{"line":27,"column":0}},"14":{"start":{"line":28,"column":2},"end":{"line":null,"column":-1}},"15":{"start":{"line":39,"column":39},"end":{"line":38,"column":12}},"16":{"start":{"line":42,"column":16},"end":{"line":38,"column":12}},"17":{"start":{"line":45,"column":31},"end":{"line":45,"column":30}},"18":{"start":{"line":45,"column":31},"end":{"line":null,"column":-1}},"19":{"start":{"line":59,"column":31},"end":{"line":59,"column":30}},"20":{"start":{"line":59,"column":31},"end":{"line":null,"column":-1}},"21":{"start":{"line":94,"column":0},"end":{"line":null,"column":-1}}},"fnMap":{"0":{"name":"(anonymous_0)","decl":{"start":{"line":12,"column":17},"end":{"line":12,"column":22}},"loc":{"start":{"line":12,"column":27},"end":{"line":12,"column":0}}},"1":{"name":"(anonymous_1)","decl":{"start":{"line":27,"column":23},"end":{"line":27,"column":24}},"loc":{"start":{"line":27,"column":48},"end":{"line":27,"column":0}}},"2":{"name":"(anonymous_2)","decl":{"start":{"line":39,"column":24},"end":{"line":39,"column":25}},"loc":{"start":{"line":39,"column":39},"end":{"line":38,"column":12}}},"3":{"name":"(anonymous_3)","decl":{"start":{"line":41,"column":22},"end":{"line":41,"column":23}},"loc":{"start":{"line":42,"column":16},"end":{"line":38,"column":12}}},"4":{"name":"(anonymous_4)","decl":{"start":{"line":45,"column":31},"end":{"line":null,"column":-1}},"loc":{"start":{"line":45,"column":31},"end":{"line":43,"column":18}}},"5":{"name":"(anonymous_5)","decl":{"start":{"line":59,"column":31},"end":{"line":null,"column":-1}},"loc":{"start":{"line":59,"column":31},"end":{"line":57,"column":18}}}},"branchMap":{"0":{"loc":{"start":{"line":15,"column":2},"end":{"line":17,"column":3}},"type":"if","locations":[{"start":{"line":15,"column":2},"end":{"line":17,"column":3}},{"start":{"line":15,"column":2},"end":{"line":17,"column":3}}]},"1":{"loc":{"start":{"line":18,"column":2},"end":{"line":12,"column":27}},"type":"if","locations":[{"start":{"line":18,"column":2},"end":{"line":12,"column":27}},{"start":{"line":18,"column":2},"end":{"line":12,"column":27}}]},"2":{"loc":{"start":{"line":48,"column":69},"end":{"line":48,"column":40}},"type":"cond-expr","locations":[{"start":{"line":48,"column":69},"end":{"line":48,"column":40}},{"start":{"line":48,"column":79},"end":{"line":47,"column":24}}]},"3":{"loc":{"start":{"line":48,"column":40},"end":{"line":48,"column":39}},"type":"binary-expr","locations":[{"start":{"line":48,"column":40},"end":{"line":48,"column":39}},{"start":{"line":48,"column":54},"end":{"line":48,"column":40}}]},"4":{"loc":{"start":{"line":62,"column":69},"end":{"line":62,"column":40}},"type":"cond-expr","locations":[{"start":{"line":62,"column":69},"end":{"line":62,"column":40}},{"start":{"line":62,"column":79},"end":{"line":61,"column":24}}]},"5":{"loc":{"start":{"line":62,"column":40},"end":{"line":62,"column":39}},"type":"binary-expr","locations":[{"start":{"line":62,"column":40},"end":{"line":62,"column":39}},{"start":{"line":62,"column":54},"end":{"line":62,"column":40}}]}},"s":{"0":0,"1":0,"2":0,"3":0,"4":0,"5":0,"6":0,"7":0,"8":0,"9":0,"10":0,"11":0,"12":0,"13":0,"14":0,"15":0,"16":0,"17":0,"18":0,"19":0,"20":0,"21":0},"f":{"0":0,"1":0,"2":0,"3":0,"4":0,"5":0},"b":{"0":[0,0],"1":[0,0],"2":[0,0],"3":[0,0],"4":[0,0],"5":[0,0]}}
,"/home/rabiii3/Documents/redpelicans/tictactoe-winter-2019/src/components/Header/index.js": {"path":"/home/rabiii3/Documents/redpelicans/tictactoe-winter-2019/src/components/Header/index.js","statementMap":{"0":{"start":{"line":10,"column":16},"end":{"line":29,"column":1}},"1":{"start":{"line":12,"column":27},"end":{"line":15,"column":5}},"2":{"start":{"line":17,"column":24},"end":{"line":20,"column":8}},"3":{"start":{"line":17,"column":47},"end":{"line":20,"column":7}},"4":{"start":{"line":25,"column":29},"end":{"line":25,"column":39}},"5":{"start":{"line":26,"column":6},"end":{"line":26,"column":30}},"6":{"start":{"line":31,"column":15},"end":{"line":33,"column":1}},"7":{"start":{"line":32,"column":2},"end":{"line":32,"column":48}},"8":{"start":{"line":35,"column":0},"end":{"line":38,"column":2}},"9":{"start":{"line":40,"column":28},"end":{"line":40,"column":43}},"10":{"start":{"line":42,"column":22},"end":{"line":66,"column":1}},"11":{"start":{"line":43,"column":21},"end":{"line":43,"column":100}},"12":{"start":{"line":43,"column":27},"end":{"line":43,"column":100}},"13":{"start":{"line":43,"column":74},"end":{"line":43,"column":99}},"14":{"start":{"line":44,"column":22},"end":{"line":44,"column":102}},"15":{"start":{"line":44,"column":28},"end":{"line":44,"column":102}},"16":{"start":{"line":44,"column":75},"end":{"line":44,"column":101}},"17":{"start":{"line":45,"column":2},"end":{"line":65,"column":4}},"18":{"start":{"line":68,"column":0},"end":{"line":70,"column":2}},"19":{"start":{"line":72,"column":26},"end":{"line":72,"column":65}},"20":{"start":{"line":72,"column":44},"end":{"line":72,"column":65}},"21":{"start":{"line":74,"column":0},"end":{"line":76,"column":2}},"22":{"start":{"line":78,"column":27},"end":{"line":78,"column":66}},"23":{"start":{"line":78,"column":45},"end":{"line":78,"column":66}},"24":{"start":{"line":80,"column":0},"end":{"line":82,"column":2}}},"fnMap":{"0":{"name":"(anonymous_0)","decl":{"start":{"line":12,"column":4},"end":{"line":12,"column":5}},"loc":{"start":{"line":12,"column":27},"end":{"line":15,"column":5}},"line":12},"1":{"name":"(anonymous_1)","decl":{"start":{"line":17,"column":18},"end":{"line":17,"column":19}},"loc":{"start":{"line":17,"column":24},"end":{"line":20,"column":8}},"line":17},"2":{"name":"(anonymous_2)","decl":{"start":{"line":17,"column":24},"end":{"line":17,"column":25}},"loc":{"start":{"line":17,"column":47},"end":{"line":20,"column":7}},"line":17},"3":{"name":"(anonymous_3)","decl":{"start":{"line":31,"column":15},"end":{"line":31,"column":16}},"loc":{"start":{"line":31,"column":37},"end":{"line":33,"column":1}},"line":31},"4":{"name":"(anonymous_4)","decl":{"start":{"line":42,"column":22},"end":{"line":42,"column":23}},"loc":{"start":{"line":42,"column":40},"end":{"line":66,"column":1}},"line":42},"5":{"name":"(anonymous_5)","decl":{"start":{"line":43,"column":21},"end":{"line":43,"column":22}},"loc":{"start":{"line":43,"column":27},"end":{"line":43,"column":100}},"line":43},"6":{"name":"(anonymous_6)","decl":{"start":{"line":43,"column":65},"end":{"line":43,"column":66}},"loc":{"start":{"line":43,"column":74},"end":{"line":43,"column":99}},"line":43},"7":{"name":"(anonymous_7)","decl":{"start":{"line":44,"column":22},"end":{"line":44,"column":23}},"loc":{"start":{"line":44,"column":28},"end":{"line":44,"column":102}},"line":44},"8":{"name":"(anonymous_8)","decl":{"start":{"line":44,"column":66},"end":{"line":44,"column":67}},"loc":{"start":{"line":44,"column":75},"end":{"line":44,"column":101}},"line":44},"9":{"name":"(anonymous_9)","decl":{"start":{"line":72,"column":26},"end":{"line":72,"column":27}},"loc":{"start":{"line":72,"column":44},"end":{"line":72,"column":65}},"line":72},"10":{"name":"(anonymous_10)","decl":{"start":{"line":78,"column":27},"end":{"line":78,"column":28}},"loc":{"start":{"line":78,"column":45},"end":{"line":78,"column":66}},"line":78}},"branchMap":{},"s":{"0":2,"1":0,"2":0,"3":0,"4":0,"5":0,"6":2,"7":0,"8":2,"9":2,"10":2,"11":0,"12":0,"13":0,"14":0,"15":0,"16":0,"17":0,"18":2,"19":2,"20":0,"21":2,"22":2,"23":0,"24":2},"f":{"0":0,"1":0,"2":0,"3":0,"4":0,"5":0,"6":0,"7":0,"8":0,"9":0,"10":0},"b":{},"_coverageSchema":"332fd63041d2c1bcb487cc26dd0d5f7d97098a6c","hash":"4fce71aa8a81b915061247f4dacc79b391077be6"}
,"/home/rabiii3/Documents/redpelicans/tictactoe-winter-2019/src/components/HistoryPanel/index.js": {"path":"/home/rabiii3/Documents/redpelicans/tictactoe-winter-2019/src/components/HistoryPanel/index.js","statementMap":{"0":{"start":{"line":6,"column":21},"end":{"line":19,"column":1}},"1":{"start":{"line":8,"column":16},"end":{"line":8,"column":44}},"2":{"start":{"line":9,"column":2},"end":{"line":18,"column":4}},"3":{"start":{"line":21,"column":0},"end":{"line":23,"column":2}},"4":{"start":{"line":25,"column":15},"end":{"line":29,"column":1}},"5":{"start":{"line":26,"column":2},"end":{"line":28,"column":15}},"6":{"start":{"line":31,"column":0},"end":{"line":33,"column":2}},"7":{"start":{"line":35,"column":16},"end":{"line":46,"column":1}},"8":{"start":{"line":36,"column":2},"end":{"line":45,"column":10}},"9":{"start":{"line":40,"column":10},"end":{"line":40,"column":48}},"10":{"start":{"line":48,"column":0},"end":{"line":50,"column":2}},"11":{"start":{"line":52,"column":14},"end":{"line":53,"column":98}},"12":{"start":{"line":53,"column":2},"end":{"line":53,"column":98}},"13":{"start":{"line":55,"column":0},"end":{"line":57,"column":2}},"14":{"start":{"line":59,"column":20},"end":{"line":64,"column":1}},"15":{"start":{"line":60,"column":2},"end":{"line":63,"column":13}},"16":{"start":{"line":66,"column":0},"end":{"line":69,"column":2}},"17":{"start":{"line":71,"column":18},"end":{"line":76,"column":1}},"18":{"start":{"line":72,"column":2},"end":{"line":75,"column":13}},"19":{"start":{"line":78,"column":0},"end":{"line":80,"column":2}}},"fnMap":{"0":{"name":"(anonymous_0)","decl":{"start":{"line":6,"column":21},"end":{"line":6,"column":22}},"loc":{"start":{"line":6,"column":38},"end":{"line":19,"column":1}},"line":6},"1":{"name":"(anonymous_1)","decl":{"start":{"line":25,"column":15},"end":{"line":25,"column":16}},"loc":{"start":{"line":26,"column":2},"end":{"line":28,"column":15}},"line":26},"2":{"name":"(anonymous_2)","decl":{"start":{"line":35,"column":16},"end":{"line":35,"column":17}},"loc":{"start":{"line":36,"column":2},"end":{"line":45,"column":10}},"line":36},"3":{"name":"(anonymous_3)","decl":{"start":{"line":39,"column":8},"end":{"line":39,"column":9}},"loc":{"start":{"line":40,"column":10},"end":{"line":40,"column":48}},"line":40},"4":{"name":"(anonymous_4)","decl":{"start":{"line":52,"column":14},"end":{"line":52,"column":15}},"loc":{"start":{"line":53,"column":2},"end":{"line":53,"column":98}},"line":53},"5":{"name":"(anonymous_5)","decl":{"start":{"line":59,"column":20},"end":{"line":59,"column":21}},"loc":{"start":{"line":60,"column":2},"end":{"line":63,"column":13}},"line":60},"6":{"name":"(anonymous_6)","decl":{"start":{"line":71,"column":18},"end":{"line":71,"column":19}},"loc":{"start":{"line":72,"column":2},"end":{"line":75,"column":13}},"line":72}},"branchMap":{"0":{"loc":{"start":{"line":53,"column":2},"end":{"line":53,"column":98}},"type":"cond-expr","locations":[{"start":{"line":53,"column":17},"end":{"line":53,"column":68}},{"start":{"line":53,"column":71},"end":{"line":53,"column":98}}],"line":53}},"s":{"0":3,"1":1,"2":1,"3":3,"4":3,"5":0,"6":3,"7":3,"8":0,"9":0,"10":3,"11":3,"12":0,"13":3,"14":3,"15":0,"16":3,"17":3,"18":0,"19":3},"f":{"0":1,"1":0,"2":0,"3":0,"4":0,"5":0,"6":0},"b":{"0":[0,0]},"_coverageSchema":"332fd63041d2c1bcb487cc26dd0d5f7d97098a6c","hash":"f0e265b126bf597cc4fdc26589c160893c175c5e"}
,"/home/rabiii3/Documents/redpelicans/tictactoe-winter-2019/src/components/LoginForm/index.js": {"path":"/home/rabiii3/Documents/redpelicans/tictactoe-winter-2019/src/components/LoginForm/index.js","statementMap":{"0":{"start":{"line":5,"column":15},"end":{"line":9,"column":1}},"1":{"start":{"line":13,"column":4},"end":{"line":13,"column":17}},"2":{"start":{"line":15,"column":4},"end":{"line":18,"column":6}},"3":{"start":{"line":20,"column":4},"end":{"line":20,"column":51}},"4":{"start":{"line":21,"column":4},"end":{"line":21,"column":45}},"5":{"start":{"line":22,"column":4},"end":{"line":22,"column":53}},"6":{"start":{"line":26,"column":4},"end":{"line":26,"column":49}},"7":{"start":{"line":30,"column":4},"end":{"line":30,"column":52}},"8":{"start":{"line":34,"column":4},"end":{"line":34,"column":27}},"9":{"start":{"line":35,"column":32},"end":{"line":35,"column":42}},"10":{"start":{"line":36,"column":4},"end":{"line":36,"column":29}},"11":{"start":{"line":37,"column":4},"end":{"line":37,"column":37}},"12":{"start":{"line":42,"column":18},"end":{"line":42,"column":32}},"13":{"start":{"line":43,"column":4},"end":{"line":43,"column":41}},"14":{"start":{"line":47,"column":4},"end":{"line":47,"column":57}},"15":{"start":{"line":51,"column":24},"end":{"line":51,"column":34}},"16":{"start":{"line":52,"column":4},"end":{"line":87,"column":6}},"17":{"start":{"line":91,"column":0},"end":{"line":94,"column":2}}},"fnMap":{"0":{"name":"(anonymous_0)","decl":{"start":{"line":12,"column":2},"end":{"line":12,"column":3}},"loc":{"start":{"line":12,"column":21},"end":{"line":23,"column":3}},"line":12},"1":{"name":"(anonymous_1)","decl":{"start":{"line":25,"column":2},"end":{"line":25,"column":3}},"loc":{"start":{"line":25,"column":21},"end":{"line":27,"column":3}},"line":25},"2":{"name":"(anonymous_2)","decl":{"start":{"line":29,"column":2},"end":{"line":29,"column":3}},"loc":{"start":{"line":29,"column":18},"end":{"line":31,"column":3}},"line":29},"3":{"name":"(anonymous_3)","decl":{"start":{"line":33,"column":2},"end":{"line":33,"column":3}},"loc":{"start":{"line":33,"column":22},"end":{"line":39,"column":3}},"line":33},"4":{"name":"(anonymous_4)","decl":{"start":{"line":41,"column":16},"end":{"line":41,"column":17}},"loc":{"start":{"line":41,"column":22},"end":{"line":44,"column":3}},"line":41},"5":{"name":"(anonymous_5)","decl":{"start":{"line":46,"column":13},"end":{"line":46,"column":14}},"loc":{"start":{"line":46,"column":19},"end":{"line":48,"column":3}},"line":46},"6":{"name":"(anonymous_6)","decl":{"start":{"line":50,"column":2},"end":{"line":50,"column":3}},"loc":{"start":{"line":50,"column":11},"end":{"line":88,"column":3}},"line":50}},"branchMap":{"0":{"loc":{"start":{"line":47,"column":11},"end":{"line":47,"column":56}},"type":"cond-expr","locations":[{"start":{"line":47,"column":44},"end":{"line":47,"column":49}},{"start":{"line":47,"column":52},"end":{"line":47,"column":56}}],"line":47},"1":{"loc":{"start":{"line":78,"column":28},"end":{"line":78,"column":65}},"type":"binary-expr","locations":[{"start":{"line":78,"column":28},"end":{"line":78,"column":46}},{"start":{"line":78,"column":50},"end":{"line":78,"column":65}}],"line":78}},"s":{"0":1,"1":0,"2":0,"3":0,"4":0,"5":0,"6":0,"7":0,"8":0,"9":0,"10":0,"11":0,"12":0,"13":0,"14":0,"15":0,"16":0,"17":1},"f":{"0":0,"1":0,"2":0,"3":0,"4":0,"5":0,"6":0},"b":{"0":[0,0],"1":[0,0]},"_coverageSchema":"332fd63041d2c1bcb487cc26dd0d5f7d97098a6c","hash":"7f7befba0e425cada3470d5a1a5a17f4e54d167c"}
,"/home/rabiii3/Documents/redpelicans/tictactoe-winter-2019/src/components/Resumes/index.js": {"path":"/home/rabiii3/Documents/redpelicans/tictactoe-winter-2019/src/components/Resumes/index.js","statementMap":{"0":{"start":{"line":1,"column":0},"end":{"line":null,"column":-1}},"1":{"start":{"line":2,"column":0},"end":{"line":null,"column":-1}},"2":{"start":{"line":3,"column":0},"end":{"line":null,"column":-1}},"3":{"start":{"line":4,"column":0},"end":{"line":null,"column":-1}},"4":{"start":{"line":6,"column":16},"end":{"line":6,"column":0}},"5":{"start":{"line":7,"column":2},"end":{"line":6,"column":0}},"6":{"start":{"line":9,"column":6},"end":{"line":8,"column":5}},"7":{"start":{"line":16,"column":0},"end":{"line":null,"column":-1}}},"fnMap":{"0":{"name":"(anonymous_0)","decl":{"start":{"line":6,"column":16},"end":{"line":6,"column":17}},"loc":{"start":{"line":7,"column":2},"end":{"line":6,"column":0}}},"1":{"name":"(anonymous_1)","decl":{"start":{"line":8,"column":17},"end":{"line":8,"column":22}},"loc":{"start":{"line":9,"column":6},"end":{"line":8,"column":5}}}},"branchMap":{},"s":{"0":0,"1":0,"2":0,"3":0,"4":0,"5":0,"6":0,"7":0},"f":{"0":0,"1":0},"b":{}}
,"/home/rabiii3/Documents/redpelicans/tictactoe-winter-2019/src/components/StartButton/index.js": {"path":"/home/rabiii3/Documents/redpelicans/tictactoe-winter-2019/src/components/StartButton/index.js","statementMap":{"0":{"start":{"line":6,"column":21},"end":{"line":6,"column":51}},"1":{"start":{"line":6,"column":31},"end":{"line":6,"column":51}},"2":{"start":{"line":8,"column":20},"end":{"line":12,"column":1}},"3":{"start":{"line":9,"column":2},"end":{"line":11,"column":11}},"4":{"start":{"line":14,"column":0},"end":{"line":17,"column":2}}},"fnMap":{"0":{"name":"(anonymous_0)","decl":{"start":{"line":6,"column":21},"end":{"line":6,"column":22}},"loc":{"start":{"line":6,"column":31},"end":{"line":6,"column":51}},"line":6},"1":{"name":"(anonymous_1)","decl":{"start":{"line":8,"column":20},"end":{"line":8,"column":21}},"loc":{"start":{"line":9,"column":2},"end":{"line":11,"column":11}},"line":9}},"branchMap":{},"s":{"0":2,"1":0,"2":2,"3":0,"4":2},"f":{"0":0,"1":0},"b":{},"_coverageSchema":"332fd63041d2c1bcb487cc26dd0d5f7d97098a6c","hash":"3685ea7453bf0c072d040daf52d4b8ab069703d6"}
,"/home/rabiii3/Documents/redpelicans/tictactoe-winter-2019/src/components/User/Content.js": {"path":"/home/rabiii3/Documents/redpelicans/tictactoe-winter-2019/src/components/User/Content.js","statementMap":{"0":{"start":{"line":1,"column":0},"end":{"line":null,"column":-1}},"1":{"start":{"line":2,"column":0},"end":{"line":null,"column":-1}},"2":{"start":{"line":3,"column":0},"end":{"line":null,"column":-1}},"3":{"start":{"line":4,"column":0},"end":{"line":null,"column":-1}},"4":{"start":{"line":5,"column":0},"end":{"line":null,"column":-1}},"5":{"start":{"line":6,"column":0},"end":{"line":null,"column":-1}},"6":{"start":{"line":8,"column":15},"end":{"line":8,"column":0}},"7":{"start":{"line":23,"column":16},"end":{"line":23,"column":0}},"8":{"start":{"line":24,"column":2},"end":{"line":23,"column":0}},"9":{"start":{"line":26,"column":6},"end":{"line":25,"column":5}},"10":{"start":{"line":31,"column":0},"end":{"line":null,"column":-1}}},"fnMap":{"0":{"name":"(anonymous_0)","decl":{"start":{"line":23,"column":16},"end":{"line":23,"column":17}},"loc":{"start":{"line":24,"column":2},"end":{"line":23,"column":0}}},"1":{"name":"(anonymous_1)","decl":{"start":{"line":25,"column":16},"end":{"line":25,"column":17}},"loc":{"start":{"line":26,"column":6},"end":{"line":25,"column":5}}}},"branchMap":{},"s":{"0":0,"1":0,"2":0,"3":0,"4":0,"5":0,"6":0,"7":0,"8":0,"9":0,"10":0},"f":{"0":0,"1":0},"b":{}}
,"/home/rabiii3/Documents/redpelicans/tictactoe-winter-2019/src/components/User/Footer.js": {"path":"/home/rabiii3/Documents/redpelicans/tictactoe-winter-2019/src/components/User/Footer.js","statementMap":{"0":{"start":{"line":1,"column":0},"end":{"line":null,"column":-1}},"1":{"start":{"line":2,"column":0},"end":{"line":null,"column":-1}},"2":{"start":{"line":3,"column":0},"end":{"line":null,"column":-1}},"3":{"start":{"line":4,"column":0},"end":{"line":null,"column":-1}},"4":{"start":{"line":5,"column":0},"end":{"line":null,"column":-1}},"5":{"start":{"line":6,"column":0},"end":{"line":null,"column":-1}},"6":{"start":{"line":8,"column":15},"end":{"line":8,"column":0}},"7":{"start":{"line":19,"column":15},"end":{"line":19,"column":0}},"8":{"start":{"line":20,"column":2},"end":{"line":19,"column":0}},"9":{"start":{"line":30,"column":0},"end":{"line":null,"column":-1}}},"fnMap":{"0":{"name":"(anonymous_0)","decl":{"start":{"line":19,"column":15},"end":{"line":19,"column":16}},"loc":{"start":{"line":20,"column":2},"end":{"line":19,"column":0}}}},"branchMap":{},"s":{"0":0,"1":0,"2":0,"3":0,"4":0,"5":0,"6":0,"7":0,"8":0,"9":0},"f":{"0":0},"b":{}}
,"/home/rabiii3/Documents/redpelicans/tictactoe-winter-2019/src/components/User/Header.js": {"path":"/home/rabiii3/Documents/redpelicans/tictactoe-winter-2019/src/components/User/Header.js","statementMap":{"0":{"start":{"line":1,"column":0},"end":{"line":null,"column":-1}},"1":{"start":{"line":2,"column":0},"end":{"line":null,"column":-1}},"2":{"start":{"line":3,"column":0},"end":{"line":null,"column":-1}},"3":{"start":{"line":4,"column":0},"end":{"line":null,"column":-1}},"4":{"start":{"line":5,"column":0},"end":{"line":null,"column":-1}},"5":{"start":{"line":6,"column":0},"end":{"line":null,"column":-1}},"6":{"start":{"line":7,"column":0},"end":{"line":null,"column":-1}},"7":{"start":{"line":8,"column":0},"end":{"line":null,"column":-1}},"8":{"start":{"line":10,"column":15},"end":{"line":10,"column":0}},"9":{"start":{"line":16,"column":15},"end":{"line":16,"column":0}},"10":{"start":{"line":17,"column":2},"end":{"line":16,"column":0}},"11":{"start":{"line":29,"column":0},"end":{"line":null,"column":-1}}},"fnMap":{"0":{"name":"(anonymous_0)","decl":{"start":{"line":16,"column":15},"end":{"line":16,"column":16}},"loc":{"start":{"line":17,"column":2},"end":{"line":16,"column":0}}}},"branchMap":{},"s":{"0":0,"1":0,"2":0,"3":0,"4":0,"5":0,"6":0,"7":0,"8":0,"9":0,"10":0,"11":0},"f":{"0":0},"b":{}}
,"/home/rabiii3/Documents/redpelicans/tictactoe-winter-2019/src/components/User/index.js": {"path":"/home/rabiii3/Documents/redpelicans/tictactoe-winter-2019/src/components/User/index.js","statementMap":{"0":{"start":{"line":1,"column":0},"end":{"line":null,"column":-1}},"1":{"start":{"line":2,"column":0},"end":{"line":null,"column":-1}},"2":{"start":{"line":3,"column":0},"end":{"line":null,"column":-1}},"3":{"start":{"line":4,"column":0},"end":{"line":null,"column":-1}},"4":{"start":{"line":5,"column":0},"end":{"line":null,"column":-1}},"5":{"start":{"line":6,"column":0},"end":{"line":null,"column":-1}},"6":{"start":{"line":7,"column":0},"end":{"line":null,"column":-1}},"7":{"start":{"line":8,"column":0},"end":{"line":null,"column":-1}},"8":{"start":{"line":10,"column":15},"end":{"line":10,"column":0}},"9":{"start":{"line":21,"column":13},"end":{"line":21,"column":0}},"10":{"start":{"line":22,"column":12},"end":{"line":22,"column":2}},"11":{"start":{"line":23,"column":2},"end":{"line":null,"column":-1}},"12":{"start":{"line":40,"column":0},"end":{"line":null,"column":-1}}},"fnMap":{"0":{"name":"(anonymous_0)","decl":{"start":{"line":21,"column":13},"end":{"line":21,"column":14}},"loc":{"start":{"line":21,"column":46},"end":{"line":21,"column":0}}}},"branchMap":{},"s":{"0":0,"1":0,"2":0,"3":0,"4":0,"5":0,"6":0,"7":0,"8":0,"9":0,"10":0,"11":0,"12":0},"f":{"0":0},"b":{}}
,"/home/rabiii3/Documents/redpelicans/tictactoe-winter-2019/src/hoc/auth.js": {"path":"/home/rabiii3/Documents/redpelicans/tictactoe-winter-2019/src/hoc/auth.js","statementMap":{"0":{"start":{"line":1,"column":0},"end":{"line":null,"column":-1}},"1":{"start":{"line":2,"column":0},"end":{"line":null,"column":-1}},"2":{"start":{"line":3,"column":0},"end":{"line":null,"column":-1}},"3":{"start":{"line":5,"column":17},"end":{"line":5,"column":0}},"4":{"start":{"line":5,"column":23},"end":{"line":5,"column":0}},"5":{"start":{"line":6,"column":24},"end":{"line":6,"column":2}},"6":{"start":{"line":6,"column":55},"end":{"line":6,"column":54}},"7":{"start":{"line":6,"column":55},"end":{"line":null,"column":-1}},"8":{"start":{"line":7,"column":4},"end":{"line":null,"column":-1}},"9":{"start":{"line":14,"column":2},"end":{"line":null,"column":-1}},"10":{"start":{"line":19,"column":2},"end":{"line":null,"column":-1}}},"fnMap":{"0":{"name":"(anonymous_0)","decl":{"start":{"line":5,"column":17},"end":{"line":5,"column":22}},"loc":{"start":{"line":5,"column":23},"end":{"line":5,"column":0}}},"1":{"name":"(anonymous_1)","decl":{"start":{"line":5,"column":23},"end":{"line":5,"column":31}},"loc":{"start":{"line":5,"column":36},"end":{"line":5,"column":0}}},"2":{"name":"(anonymous_2)","decl":{"start":{"line":6,"column":24},"end":{"line":6,"column":54}},"loc":{"start":{"line":6,"column":55},"end":{"line":6,"column":2}}}},"branchMap":{},"s":{"0":0,"1":0,"2":0,"3":0,"4":0,"5":0,"6":0,"7":0,"8":0,"9":0,"10":0},"f":{"0":0,"1":0,"2":0},"b":{}}
,"/home/rabiii3/Documents/redpelicans/tictactoe-winter-2019/src/middlewares/myLogger.js": {"path":"/home/rabiii3/Documents/redpelicans/tictactoe-winter-2019/src/middlewares/myLogger.js","statementMap":{"0":{"start":{"line":1,"column":0},"end":{"line":null,"column":-1}},"1":{"start":{"line":3,"column":24},"end":{"line":3,"column":7}},"2":{"start":{"line":3,"column":52},"end":{"line":3,"column":7}},"3":{"start":{"line":3,"column":60},"end":{"line":3,"column":7}},"4":{"start":{"line":4,"column":2},"end":{"line":null,"column":-1}},"5":{"start":{"line":5,"column":2},"end":{"line":null,"column":-1}},"6":{"start":{"line":6,"column":17},"end":{"line":6,"column":2}},"7":{"start":{"line":7,"column":2},"end":{"line":null,"column":-1}},"8":{"start":{"line":8,"column":2},"end":{"line":null,"column":-1}},"9":{"start":{"line":11,"column":21},"end":{"line":11,"column":7}},"10":{"start":{"line":11,"column":49},"end":{"line":11,"column":7}},"11":{"start":{"line":11,"column":57},"end":{"line":11,"column":7}},"12":{"start":{"line":12,"column":2},"end":{"line":null,"column":-1}}},"fnMap":{"0":{"name":"(anonymous_0)","decl":{"start":{"line":3,"column":24},"end":{"line":3,"column":25}},"loc":{"start":{"line":3,"column":52},"end":{"line":3,"column":7}}},"1":{"name":"(anonymous_1)","decl":{"start":{"line":3,"column":52},"end":{"line":3,"column":55}},"loc":{"start":{"line":3,"column":60},"end":{"line":3,"column":7}}},"2":{"name":"(anonymous_2)","decl":{"start":{"line":3,"column":60},"end":{"line":3,"column":65}},"loc":{"start":{"line":3,"column":70},"end":{"line":3,"column":7}}},"3":{"name":"(anonymous_3)","decl":{"start":{"line":11,"column":21},"end":{"line":11,"column":22}},"loc":{"start":{"line":11,"column":49},"end":{"line":11,"column":7}}},"4":{"name":"(anonymous_4)","decl":{"start":{"line":11,"column":49},"end":{"line":11,"column":52}},"loc":{"start":{"line":11,"column":57},"end":{"line":11,"column":7}}},"5":{"name":"(anonymous_5)","decl":{"start":{"line":11,"column":57},"end":{"line":11,"column":62}},"loc":{"start":{"line":11,"column":67},"end":{"line":11,"column":7}}}},"branchMap":{"0":{"loc":{"start":{"line":12,"column":25},"end":{"line":12,"column":2}},"type":"cond-expr","locations":[{"start":{"line":12,"column":25},"end":{"line":12,"column":2}},{"start":{"line":12,"column":54},"end":{"line":12,"column":2}}]}},"s":{"0":0,"1":0,"2":0,"3":0,"4":0,"5":0,"6":0,"7":0,"8":0,"9":0,"10":0,"11":0,"12":0},"f":{"0":0,"1":0,"2":0,"3":0,"4":0,"5":0},"b":{"0":[0,0]}}
,"/home/rabiii3/Documents/redpelicans/tictactoe-winter-2019/src/reducers/game.js": {"path":"/home/rabiii3/Documents/redpelicans/tictactoe-winter-2019/src/reducers/game.js","statementMap":{"0":{"start":{"line":4,"column":2},"end":{"line":15,"column":3}},"1":{"start":{"line":6,"column":6},"end":{"line":6,"column":39}},"2":{"start":{"line":8,"column":6},"end":{"line":8,"column":39}},"3":{"start":{"line":10,"column":6},"end":{"line":10,"column":39}},"4":{"start":{"line":12,"column":6},"end":{"line":12,"column":39}},"5":{"start":{"line":14,"column":6},"end":{"line":14,"column":19}}},"fnMap":{"0":{"name":"(anonymous_0)","decl":{"start":{"line":3,"column":15},"end":{"line":3,"column":16}},"loc":{"start":{"line":3,"column":51},"end":{"line":16,"column":1}},"line":3}},"branchMap":{"0":{"loc":{"start":{"line":3,"column":16},"end":{"line":3,"column":26}},"type":"default-arg","locations":[{"start":{"line":3,"column":24},"end":{"line":3,"column":26}}],"line":3},"1":{"loc":{"start":{"line":4,"column":2},"end":{"line":15,"column":3}},"type":"switch","locations":[{"start":{"line":5,"column":4},"end":{"line":6,"column":39}},{"start":{"line":7,"column":4},"end":{"line":8,"column":39}},{"start":{"line":9,"column":4},"end":{"line":10,"column":39}},{"start":{"line":11,"column":4},"end":{"line":12,"column":39}},{"start":{"line":13,"column":4},"end":{"line":14,"column":19}}],"line":4}},"s":{"0":17,"1":0,"2":5,"3":3,"4":1,"5":8},"f":{"0":17},"b":{"0":[4],"1":[0,5,3,1,8]},"_coverageSchema":"332fd63041d2c1bcb487cc26dd0d5f7d97098a6c","hash":"48f2e8478caa7648c4b107e81d4a84200c14144a"}
,"/home/rabiii3/Documents/redpelicans/tictactoe-winter-2019/src/reducers/history.js": {"path":"/home/rabiii3/Documents/redpelicans/tictactoe-winter-2019/src/reducers/history.js","statementMap":{"0":{"start":{"line":5,"column":2},"end":{"line":12,"column":3}},"1":{"start":{"line":7,"column":43},"end":{"line":7,"column":51}},"2":{"start":{"line":8,"column":21},"end":{"line":8,"column":82}},"3":{"start":{"line":9,"column":6},"end":{"line":9,"column":60}},"4":{"start":{"line":11,"column":6},"end":{"line":11,"column":19}}},"fnMap":{"0":{"name":"(anonymous_0)","decl":{"start":{"line":4,"column":15},"end":{"line":4,"column":16}},"loc":{"start":{"line":4,"column":51},"end":{"line":13,"column":1}},"line":4}},"branchMap":{"0":{"loc":{"start":{"line":4,"column":16},"end":{"line":4,"column":26}},"type":"default-arg","locations":[{"start":{"line":4,"column":24},"end":{"line":4,"column":26}}],"line":4},"1":{"loc":{"start":{"line":5,"column":2},"end":{"line":12,"column":3}},"type":"switch","locations":[{"start":{"line":6,"column":4},"end":{"line":9,"column":62}},{"start":{"line":10,"column":4},"end":{"line":11,"column":19}}],"line":5},"2":{"loc":{"start":{"line":8,"column":21},"end":{"line":8,"column":82}},"type":"cond-expr","locations":[{"start":{"line":8,"column":31},"end":{"line":8,"column":74}},{"start":{"line":8,"column":78},"end":{"line":8,"column":82}}],"line":8},"3":{"loc":{"start":{"line":8,"column":31},"end":{"line":8,"column":74}},"type":"cond-expr","locations":[{"start":{"line":8,"column":57},"end":{"line":8,"column":63}},{"start":{"line":8,"column":66},"end":{"line":8,"column":74}}],"line":8}},"s":{"0":17,"1":1,"2":1,"3":1,"4":16},"f":{"0":17},"b":{"0":[4],"1":[1,16],"2":[1,0],"3":[0,1]},"_coverageSchema":"332fd63041d2c1bcb487cc26dd0d5f7d97098a6c","hash":"8dfa5aca0a250e164023705e91161988b27a85e7"}
,"/home/rabiii3/Documents/redpelicans/tictactoe-winter-2019/src/reducers/index.js": {"path":"/home/rabiii3/Documents/redpelicans/tictactoe-winter-2019/src/reducers/index.js","statementMap":{"0":{"start":{"line":5,"column":13},"end":{"line":8,"column":2}}},"fnMap":{},"branchMap":{},"s":{"0":2},"f":{},"b":{},"_coverageSchema":"332fd63041d2c1bcb487cc26dd0d5f7d97098a6c","hash":"421b9d0f7ae0e589ac6550ada04aacb9392ea92e"}
,"/home/rabiii3/Documents/redpelicans/tictactoe-winter-2019/src/store/configureStore.dev.js": {"path":"/home/rabiii3/Documents/redpelicans/tictactoe-winter-2019/src/store/configureStore.dev.js","statementMap":{"0":{"start":{"line":1,"column":0},"end":{"line":null,"column":-1}},"1":{"start":{"line":2,"column":0},"end":{"line":null,"column":-1}},"2":{"start":{"line":3,"column":0},"end":{"line":null,"column":-1}},"3":{"start":{"line":4,"column":0},"end":{"line":null,"column":-1}},"4":{"start":{"line":5,"column":0},"end":{"line":null,"column":-1}},"5":{"start":{"line":6,"column":0},"end":{"line":null,"column":-1}},"6":{"start":{"line":8,"column":23},"end":{"line":8,"column":0}},"7":{"start":{"line":9,"column":17},"end":{"line":9,"column":2}},"8":{"start":{"line":10,"column":22},"end":{"line":10,"column":2}},"9":{"start":{"line":11,"column":2},"end":{"line":null,"column":-1}}},"fnMap":{"0":{"name":"(anonymous_0)","decl":{"start":{"line":8,"column":23},"end":{"line":8,"column":24}},"loc":{"start":{"line":8,"column":45},"end":{"line":8,"column":0}}}},"branchMap":{"0":{"loc":{"start":{"line":8,"column":38},"end":{"line":8,"column":23}},"type":"default-arg","locations":[{"start":{"line":8,"column":38},"end":{"line":8,"column":23}}]}},"s":{"0":0,"1":0,"2":0,"3":0,"4":0,"5":0,"6":0,"7":0,"8":0,"9":0},"f":{"0":0},"b":{"0":[0]}}
,"/home/rabiii3/Documents/redpelicans/tictactoe-winter-2019/src/store/configureStore.js": {"path":"/home/rabiii3/Documents/redpelicans/tictactoe-winter-2019/src/store/configureStore.js","statementMap":{"0":{"start":{"line":2,"column":0},"end":{"line":null,"column":-1}},"1":{"start":{"line":4,"column":0},"end":{"line":8,"column":1}},"2":{"start":{"line":5,"column":2},"end":{"line":null,"column":-1}},"3":{"start":{"line":7,"column":2},"end":{"line":null,"column":-1}}},"fnMap":{},"branchMap":{"0":{"loc":{"start":{"line":4,"column":0},"end":{"line":8,"column":1}},"type":"if","locations":[{"start":{"line":4,"column":0},"end":{"line":8,"column":1}},{"start":{"line":4,"column":0},"end":{"line":8,"column":1}}]}},"s":{"0":0,"1":0,"2":0,"3":0},"f":{},"b":{"0":[0,0]}}
,"/home/rabiii3/Documents/redpelicans/tictactoe-winter-2019/src/store/configureStore.prod.js": {"path":"/home/rabiii3/Documents/redpelicans/tictactoe-winter-2019/src/store/configureStore.prod.js","statementMap":{"0":{"start":{"line":1,"column":0},"end":{"line":null,"column":-1}},"1":{"start":{"line":2,"column":0},"end":{"line":null,"column":-1}},"2":{"start":{"line":3,"column":0},"end":{"line":null,"column":-1}},"3":{"start":{"line":5,"column":23},"end":{"line":5,"column":0}},"4":{"start":{"line":6,"column":22},"end":{"line":6,"column":2}},"5":{"start":{"line":7,"column":2},"end":{"line":null,"column":-1}}},"fnMap":{"0":{"name":"(anonymous_0)","decl":{"start":{"line":5,"column":23},"end":{"line":5,"column":24}},"loc":{"start":{"line":5,"column":45},"end":{"line":5,"column":0}}}},"branchMap":{"0":{"loc":{"start":{"line":5,"column":38},"end":{"line":5,"column":23}},"type":"default-arg","locations":[{"start":{"line":5,"column":38},"end":{"line":5,"column":23}}]}},"s":{"0":0,"1":0,"2":0,"3":0,"4":0,"5":0},"f":{"0":0},"b":{"0":[0]}}
,"/home/rabiii3/Documents/redpelicans/tictactoe-winter-2019/src/store/configureStoreTest.js": {"path":"/home/rabiii3/Documents/redpelicans/tictactoe-winter-2019/src/store/configureStoreTest.js","statementMap":{"0":{"start":{"line":6,"column":23},"end":{"line":9,"column":1}},"1":{"start":{"line":7,"column":22},"end":{"line":7,"column":52}},"2":{"start":{"line":8,"column":2},"end":{"line":8,"column":76}}},"fnMap":{"0":{"name":"(anonymous_0)","decl":{"start":{"line":6,"column":23},"end":{"line":6,"column":24}},"loc":{"start":{"line":6,"column":57},"end":{"line":9,"column":1}},"line":6}},"branchMap":{"0":{"loc":{"start":{"line":6,"column":24},"end":{"line":6,"column":40}},"type":"default-arg","locations":[{"start":{"line":6,"column":38},"end":{"line":6,"column":40}}],"line":6},"1":{"loc":{"start":{"line":6,"column":42},"end":{"line":6,"column":52}},"type":"default-arg","locations":[{"start":{"line":6,"column":50},"end":{"line":6,"column":52}}],"line":6}},"s":{"0":2,"1":4,"2":4},"f":{"0":4},"b":{"0":[0],"1":[0]},"_coverageSchema":"332fd63041d2c1bcb487cc26dd0d5f7d97098a6c","hash":"c7e89a613cd09b9c33f4b215bc0b99c06207c9c0"}
,"/home/rabiii3/Documents/redpelicans/tictactoe-winter-2019/src/store/middlewares.js": {"path":"/home/rabiii3/Documents/redpelicans/tictactoe-winter-2019/src/store/middlewares.js","statementMap":{"0":{"start":{"line":3,"column":19},"end":{"line":3,"column":31}},"1":{"start":{"line":4,"column":16},"end":{"line":4,"column":25}},"2":{"start":{"line":6,"column":15},"end":{"line":9,"column":1}},"3":{"start":{"line":7,"column":2},"end":{"line":7,"column":30}},"4":{"start":{"line":7,"column":23},"end":{"line":7,"column":30}},"5":{"start":{"line":8,"column":2},"end":{"line":8,"column":29}},"6":{"start":{"line":11,"column":30},"end":{"line":30,"column":1}},"7":{"start":{"line":12,"column":18},"end":{"line":12,"column":23}},"8":{"start":{"line":13,"column":2},"end":{"line":29,"column":4}},"9":{"start":{"line":13,"column":18},"end":{"line":29,"column":3}},"10":{"start":{"line":13,"column":26},"end":{"line":29,"column":3}},"11":{"start":{"line":14,"column":19},"end":{"line":14,"column":31}},"12":{"start":{"line":15,"column":15},"end":{"line":15,"column":47}},"13":{"start":{"line":16,"column":4},"end":{"line":27,"column":5}},"14":{"start":{"line":17,"column":6},"end":{"line":26,"column":7}},"15":{"start":{"line":18,"column":8},"end":{"line":21,"column":9}},"16":{"start":{"line":19,"column":10},"end":{"line":19,"column":37}},"17":{"start":{"line":20,"column":10},"end":{"line":20,"column":49}},"18":{"start":{"line":22,"column":8},"end":{"line":22,"column":34}},"19":{"start":{"line":24,"column":8},"end":{"line":24,"column":23}},"20":{"start":{"line":25,"column":8},"end":{"line":25,"column":25}},"21":{"start":{"line":28,"column":4},"end":{"line":28,"column":18}}},"fnMap":{"0":{"name":"(anonymous_0)","decl":{"start":{"line":6,"column":15},"end":{"line":6,"column":16}},"loc":{"start":{"line":6,"column":38},"end":{"line":9,"column":1}},"line":6},"1":{"name":"(anonymous_1)","decl":{"start":{"line":11,"column":30},"end":{"line":11,"column":31}},"loc":{"start":{"line":11,"column":46},"end":{"line":30,"column":1}},"line":11},"2":{"name":"(anonymous_2)","decl":{"start":{"line":13,"column":9},"end":{"line":13,"column":10}},"loc":{"start":{"line":13,"column":18},"end":{"line":29,"column":3}},"line":13},"3":{"name":"(anonymous_3)","decl":{"start":{"line":13,"column":18},"end":{"line":13,"column":19}},"loc":{"start":{"line":13,"column":26},"end":{"line":29,"column":3}},"line":13},"4":{"name":"(anonymous_4)","decl":{"start":{"line":13,"column":26},"end":{"line":13,"column":27}},"loc":{"start":{"line":13,"column":36},"end":{"line":29,"column":3}},"line":13}},"branchMap":{"0":{"loc":{"start":{"line":7,"column":2},"end":{"line":7,"column":30}},"type":"if","locations":[{"start":{"line":7,"column":2},"end":{"line":7,"column":30}},{"start":{"line":7,"column":2},"end":{"line":7,"column":30}}],"line":7},"1":{"loc":{"start":{"line":11,"column":31},"end":{"line":11,"column":41}},"type":"default-arg","locations":[{"start":{"line":11,"column":39},"end":{"line":11,"column":41}}],"line":11},"2":{"loc":{"start":{"line":15,"column":15},"end":{"line":15,"column":47}},"type":"binary-expr","locations":[{"start":{"line":15,"column":15},"end":{"line":15,"column":25}},{"start":{"line":15,"column":29},"end":{"line":15,"column":47}}],"line":15},"3":{"loc":{"start":{"line":16,"column":4},"end":{"line":27,"column":5}},"type":"if","locations":[{"start":{"line":16,"column":4},"end":{"line":27,"column":5}},{"start":{"line":16,"column":4},"end":{"line":27,"column":5}}],"line":16},"4":{"loc":{"start":{"line":18,"column":8},"end":{"line":21,"column":9}},"type":"if","locations":[{"start":{"line":18,"column":8},"end":{"line":21,"column":9}},{"start":{"line":18,"column":8},"end":{"line":21,"column":9}}],"line":18},"5":{"loc":{"start":{"line":19,"column":22},"end":{"line":19,"column":36}},"type":"binary-expr","locations":[{"start":{"line":19,"column":22},"end":{"line":19,"column":31}},{"start":{"line":19,"column":35},"end":{"line":19,"column":36}}],"line":19}},"s":{"0":2,"1":2,"2":2,"3":4,"4":0,"5":4,"6":2,"7":4,"8":4,"9":4,"10":4,"11":9,"12":9,"13":9,"14":4,"15":4,"16":0,"17":0,"18":4,"19":1,"20":1,"21":9},"f":{"0":4,"1":4,"2":4,"3":4,"4":9},"b":{"0":[0,4],"1":[0],"2":[9,6],"3":[4,5],"4":[0,4],"5":[0,0]},"_coverageSchema":"332fd63041d2c1bcb487cc26dd0d5f7d97098a6c","hash":"b2c42777be7a8ae32d53e6e108604a25021d546f"}
}
