TN:
SF:/home/rabiii3/Documents/redpelicans/tictactoe-winter-2019/src/game.js
FN:11,(anonymous_0)
FN:13,(anonymous_1)
FN:15,(anonymous_2)
FN:17,(anonymous_3)
FN:19,(anonymous_4)
FN:21,(anonymous_5)
FN:24,(anonymous_6)
FN:26,(anonymous_7)
FN:28,(anonymous_8)
FNF:9
FNH:9
FNDA:10,(anonymous_0)
FNDA:2,(anonymous_1)
FNDA:1,(anonymous_2)
FNDA:1,(anonymous_3)
FNDA:1,(anonymous_4)
FNDA:3,(anonymous_5)
FNDA:5,(anonymous_6)
FNDA:1,(anonymous_7)
FNDA:1,(anonymous_8)
DA:3,9
DA:5,9
DA:7,9
DA:9,9
DA:11,10
DA:13,9
DA:15,9
DA:17,9
DA:19,9
DA:21,9
DA:22,3
DA:24,9
DA:26,9
DA:28,9
DA:29,1
DA:30,1
LF:16
LH:16
BRDA:13,0,0,1
BRDA:13,0,1,1
BRDA:22,1,0,0
BRDA:22,1,1,3
BRDA:24,2,0,3
BRDA:24,2,1,2
BRF:6
BRH:5
end_of_record
TN:
SF:/home/rabiii3/Documents/redpelicans/tictactoe-winter-2019/src/icons.js
FN:7,(anonymous_0)
FN:9,(anonymous_1)
FN:10,(anonymous_2)
FN:12,(anonymous_3)
FN:17,(anonymous_4)
FN:19,(anonymous_5)
FNF:6
FNH:0
FNDA:0,(anonymous_0)
FNDA:0,(anonymous_1)
FNDA:0,(anonymous_2)
FNDA:0,(anonymous_3)
FNDA:0,(anonymous_4)
FNDA:0,(anonymous_5)
DA:3,4
DA:5,4
DA:7,4
DA:9,4
DA:10,0
DA:11,0
DA:12,0
DA:17,4
DA:18,0
DA:19,0
DA:20,0
DA:21,0
LF:12
LH:5
BRDA:18,0,0,0
BRDA:18,0,1,0
BRF:2
BRH:0
end_of_record
TN:
SF:/home/rabiii3/Documents/redpelicans/tictactoe-winter-2019/src/index.js
FNF:0
FNH:0
DA:1,0
DA:2,0
DA:4,0
DA:6,0
DA:7,0
DA:8,0
DA:9,0
DA:10,0
DA:13,0
DA:14,0
DA:15,0
DA:16,0
DA:17,0
DA:19,0
DA:32,0
DA:34,0
DA:37,0
DA:45,0
LF:18
LH:0
BRDA:13,0,0,0
BRDA:13,0,1,0
BRF:2
BRH:0
end_of_record
TN:
SF:/home/rabiii3/Documents/redpelicans/tictactoe-winter-2019/src/request.js
FN:5,(anonymous_0)
FN:6,(anonymous_1)
FN:8,(anonymous_2)
FN:9,(anonymous_3)
FNF:4
FNH:4
FNDA:1,(anonymous_0)
FNDA:1,(anonymous_1)
FNDA:1,(anonymous_2)
FNDA:1,(anonymous_3)
DA:4,3
DA:5,3
DA:6,3
DA:8,3
DA:9,3
LF:5
LH:5
BRF:0
BRH:0
end_of_record
TN:
SF:/home/rabiii3/Documents/redpelicans/tictactoe-winter-2019/src/setupTests.js
FNF:0
FNH:0
DA:4,12
LF:1
LH:1
BRF:0
BRH:0
end_of_record
TN:
SF:/home/rabiii3/Documents/redpelicans/tictactoe-winter-2019/src/actions/game.js
FN:45,(anonymous_0)
FN:45,(anonymous_1)
FN:63,(anonymous_2)
FN:63,(anonymous_3)
FN:71,(anonymous_4)
FN:71,(anonymous_5)
FN:75,(anonymous_6)
FN:77,(anonymous_7)
FN:81,(anonymous_8)
FN:81,(anonymous_9)
FN:92,(anonymous_10)
FNF:11
FNH:7
FNDA:0,(anonymous_0)
FNDA:0,(anonymous_1)
FNDA:0,(anonymous_2)
FNDA:0,(anonymous_3)
FNDA:1,(anonymous_4)
FNDA:1,(anonymous_5)
FNDA:1,(anonymous_6)
FNDA:1,(anonymous_7)
FNDA:5,(anonymous_8)
FNDA:5,(anonymous_9)
FNDA:4,(anonymous_10)
DA:13,3
DA:14,3
DA:15,3
DA:16,3
DA:45,3
DA:48,0
DA:49,0
DA:59,0
DA:60,0
DA:63,3
DA:66,0
DA:67,0
DA:68,0
DA:71,3
DA:74,1
DA:75,1
DA:76,1
DA:77,1
DA:81,5
DA:82,5
DA:91,5
DA:92,5
DA:93,4
DA:94,1
DA:104,3
DA:113,3
DA:114,3
DA:115,3
LF:28
LH:21
BRDA:60,0,0,0
BRDA:60,0,1,0
BRDA:93,1,0,1
BRDA:93,1,1,3
BRDA:93,2,0,4
BRDA:93,2,1,3
BRDA:115,3,0,1
BRDA:115,3,1,2
BRF:8
BRH:6
end_of_record
TN:
SF:/home/rabiii3/Documents/redpelicans/tictactoe-winter-2019/src/components/App/component.js
FN:10,(anonymous_0)
FNF:1
FNH:0
FNDA:0,(anonymous_0)
DA:10,2
DA:11,0
DA:36,2
LF:3
LH:2
BRF:0
BRH:0
end_of_record
TN:
SF:/home/rabiii3/Documents/redpelicans/tictactoe-winter-2019/src/components/App/index.js
FN:5,(anonymous_0)
FN:14,(anonymous_1)
FN:15,(anonymous_2)
FN:16,(anonymous_3)
FNF:4
FNH:0
FNDA:0,(anonymous_0)
FNDA:0,(anonymous_1)
FNDA:0,(anonymous_2)
FNDA:0,(anonymous_3)
DA:5,1
DA:14,1
DA:15,0
DA:16,0
DA:19,1
LF:5
LH:3
BRF:0
BRH:0
end_of_record
TN:
SF:/home/rabiii3/Documents/redpelicans/tictactoe-winter-2019/src/components/Auth/index.js
FN:6,(anonymous_0)
FNF:1
FNH:0
FNDA:0,(anonymous_0)
DA:1,0
DA:2,0
DA:3,0
DA:4,0
DA:6,0
DA:8,0
LF:6
LH:0
BRDA:6,0,0,0
BRDA:6,0,1,0
BRF:2
BRH:0
end_of_record
TN:
SF:/home/rabiii3/Documents/redpelicans/tictactoe-winter-2019/src/components/BoardPanel/index.js
FN:27,(anonymous_0)
FN:29,(anonymous_1)
FN:35,(anonymous_2)
FN:41,(anonymous_3)
FN:59,(anonymous_4)
FN:71,(anonymous_5)
FN:72,(anonymous_6)
FNF:7
FNH:0
FNDA:0,(anonymous_0)
FNDA:0,(anonymous_1)
FNDA:0,(anonymous_2)
FNDA:0,(anonymous_3)
FNDA:0,(anonymous_4)
FNDA:0,(anonymous_5)
FNDA:0,(anonymous_6)
DA:7,3
DA:27,3
DA:29,3
DA:31,3
DA:35,3
DA:37,3
DA:41,3
DA:42,0
DA:43,0
DA:44,0
DA:45,0
DA:47,0
DA:49,0
DA:52,3
DA:59,3
DA:60,0
DA:61,0
DA:72,0
DA:82,3
LF:19
LH:10
BRDA:42,0,0,0
BRDA:42,0,1,0
BRDA:43,1,0,0
BRDA:43,1,1,0
BRDA:44,2,0,0
BRDA:44,2,1,0
BRDA:65,3,0,0
BRDA:65,3,1,0
BRDA:65,4,0,0
BRDA:65,4,1,0
BRF:10
BRH:0
end_of_record
TN:
SF:/home/rabiii3/Documents/redpelicans/tictactoe-winter-2019/src/components/ChartPanel/index.js
FN:14,(anonymous_0)
FN:14,(anonymous_1)
FN:15,(anonymous_2)
FN:15,(anonymous_3)
FN:16,(anonymous_4)
FN:16,(anonymous_5)
FN:19,(anonymous_6)
FN:24,(anonymous_7)
FNF:8
FNH:0
FNDA:0,(anonymous_0)
FNDA:0,(anonymous_1)
FNDA:0,(anonymous_2)
FNDA:0,(anonymous_3)
FNDA:0,(anonymous_4)
FNDA:0,(anonymous_5)
FNDA:0,(anonymous_6)
FNDA:0,(anonymous_7)
DA:7,3
DA:14,3
DA:15,3
DA:16,3
DA:19,3
DA:24,3
DA:25,0
DA:32,3
LF:8
LH:7
BRDA:14,0,0,0
BRDA:14,0,1,0
BRDA:14,1,0,0
BRDA:14,1,1,0
BRDA:15,2,0,0
BRDA:15,2,1,0
BRDA:15,3,0,0
BRDA:15,3,1,0
BRDA:16,4,0,0
BRDA:16,4,1,0
BRF:10
BRH:0
end_of_record
TN:
SF:/home/rabiii3/Documents/redpelicans/tictactoe-winter-2019/src/components/ComputerPlayButton/index.js
FN:6,(anonymous_0)
FN:8,(anonymous_1)
FNF:2
FNH:2
FNDA:1,(anonymous_0)
FNDA:1,(anonymous_1)
DA:6,1
DA:8,1
DA:9,1
DA:14,1
LF:4
LH:4
BRDA:9,0,0,1
BRDA:9,0,1,0
BRF:2
BRH:1
end_of_record
TN:
SF:/home/rabiii3/Documents/redpelicans/tictactoe-winter-2019/src/components/FinalLoginForm/index.js
FN:12,(anonymous_0)
FN:27,(anonymous_1)
FN:39,(anonymous_2)
FN:41,(anonymous_3)
FN:45,(anonymous_4)
FN:59,(anonymous_5)
FNF:6
FNH:0
FNDA:0,(anonymous_0)
FNDA:0,(anonymous_1)
FNDA:0,(anonymous_2)
FNDA:0,(anonymous_3)
FNDA:0,(anonymous_4)
FNDA:0,(anonymous_5)
DA:1,0
DA:2,0
DA:3,0
DA:4,0
DA:6,0
DA:12,0
DA:13,0
DA:14,0
DA:15,0
DA:16,0
DA:18,0
DA:19,0
DA:22,0
DA:27,0
DA:28,0
DA:39,0
DA:42,0
DA:45,0
DA:59,0
DA:94,0
LF:20
LH:0
BRDA:15,0,0,0
BRDA:15,0,1,0
BRDA:18,1,0,0
BRDA:18,1,1,0
BRDA:48,2,0,0
BRDA:48,2,1,0
BRDA:48,3,0,0
BRDA:48,3,1,0
BRDA:62,4,0,0
BRDA:62,4,1,0
BRDA:62,5,0,0
BRDA:62,5,1,0
BRF:12
BRH:0
end_of_record
TN:
SF:/home/rabiii3/Documents/redpelicans/tictactoe-winter-2019/src/components/Header/index.js
FN:12,(anonymous_0)
FN:17,(anonymous_1)
FN:17,(anonymous_2)
FN:31,(anonymous_3)
FN:42,(anonymous_4)
FN:43,(anonymous_5)
FN:43,(anonymous_6)
FN:44,(anonymous_7)
FN:44,(anonymous_8)
FN:72,(anonymous_9)
FN:78,(anonymous_10)
FNF:11
FNH:0
FNDA:0,(anonymous_0)
FNDA:0,(anonymous_1)
FNDA:0,(anonymous_2)
FNDA:0,(anonymous_3)
FNDA:0,(anonymous_4)
FNDA:0,(anonymous_5)
FNDA:0,(anonymous_6)
FNDA:0,(anonymous_7)
FNDA:0,(anonymous_8)
FNDA:0,(anonymous_9)
FNDA:0,(anonymous_10)
DA:10,2
DA:12,0
DA:17,0
DA:25,0
DA:26,0
DA:31,2
DA:32,0
DA:35,2
DA:40,2
DA:42,2
DA:43,0
DA:44,0
DA:45,0
DA:68,2
DA:72,2
DA:74,2
DA:78,2
DA:80,2
LF:18
LH:10
BRF:0
BRH:0
end_of_record
TN:
SF:/home/rabiii3/Documents/redpelicans/tictactoe-winter-2019/src/components/HistoryPanel/index.js
FN:6,(anonymous_0)
FN:25,(anonymous_1)
FN:35,(anonymous_2)
FN:39,(anonymous_3)
FN:52,(anonymous_4)
FN:59,(anonymous_5)
FN:71,(anonymous_6)
FNF:7
FNH:1
FNDA:1,(anonymous_0)
FNDA:0,(anonymous_1)
FNDA:0,(anonymous_2)
FNDA:0,(anonymous_3)
FNDA:0,(anonymous_4)
FNDA:0,(anonymous_5)
FNDA:0,(anonymous_6)
DA:6,3
DA:8,1
DA:9,1
DA:21,3
DA:25,3
DA:26,0
DA:31,3
DA:35,3
DA:36,0
DA:40,0
DA:48,3
DA:52,3
DA:53,0
DA:55,3
DA:59,3
DA:60,0
DA:66,3
DA:71,3
DA:72,0
DA:78,3
LF:20
LH:14
BRDA:53,0,0,0
BRDA:53,0,1,0
BRF:2
BRH:0
end_of_record
TN:
SF:/home/rabiii3/Documents/redpelicans/tictactoe-winter-2019/src/components/LoginForm/index.js
FN:12,(anonymous_0)
FN:25,(anonymous_1)
FN:29,(anonymous_2)
FN:33,(anonymous_3)
FN:41,(anonymous_4)
FN:46,(anonymous_5)
FN:50,(anonymous_6)
FNF:7
FNH:0
FNDA:0,(anonymous_0)
FNDA:0,(anonymous_1)
FNDA:0,(anonymous_2)
FNDA:0,(anonymous_3)
FNDA:0,(anonymous_4)
FNDA:0,(anonymous_5)
FNDA:0,(anonymous_6)
DA:5,1
DA:13,0
DA:15,0
DA:20,0
DA:21,0
DA:22,0
DA:26,0
DA:30,0
DA:34,0
DA:35,0
DA:36,0
DA:37,0
DA:42,0
DA:43,0
DA:47,0
DA:51,0
DA:52,0
DA:91,1
LF:18
LH:2
BRDA:47,0,0,0
BRDA:47,0,1,0
BRDA:78,1,0,0
BRDA:78,1,1,0
BRF:4
BRH:0
end_of_record
TN:
SF:/home/rabiii3/Documents/redpelicans/tictactoe-winter-2019/src/components/Resumes/index.js
FN:6,(anonymous_0)
FN:8,(anonymous_1)
FNF:2
FNH:0
FNDA:0,(anonymous_0)
FNDA:0,(anonymous_1)
DA:1,0
DA:2,0
DA:3,0
DA:4,0
DA:6,0
DA:7,0
DA:9,0
DA:16,0
LF:8
LH:0
BRF:0
BRH:0
end_of_record
TN:
SF:/home/rabiii3/Documents/redpelicans/tictactoe-winter-2019/src/components/StartButton/index.js
FN:6,(anonymous_0)
FN:8,(anonymous_1)
FNF:2
FNH:0
FNDA:0,(anonymous_0)
FNDA:0,(anonymous_1)
DA:6,2
DA:8,2
DA:9,0
DA:14,2
LF:4
LH:3
BRF:0
BRH:0
end_of_record
TN:
SF:/home/rabiii3/Documents/redpelicans/tictactoe-winter-2019/src/components/User/Content.js
FN:23,(anonymous_0)
FN:25,(anonymous_1)
FNF:2
FNH:0
FNDA:0,(anonymous_0)
FNDA:0,(anonymous_1)
DA:1,0
DA:2,0
DA:3,0
DA:4,0
DA:5,0
DA:6,0
DA:8,0
DA:23,0
DA:24,0
DA:26,0
DA:31,0
LF:11
LH:0
BRF:0
BRH:0
end_of_record
TN:
SF:/home/rabiii3/Documents/redpelicans/tictactoe-winter-2019/src/components/User/Footer.js
FN:19,(anonymous_0)
FNF:1
FNH:0
FNDA:0,(anonymous_0)
DA:1,0
DA:2,0
DA:3,0
DA:4,0
DA:5,0
DA:6,0
DA:8,0
DA:19,0
DA:20,0
DA:30,0
LF:10
LH:0
BRF:0
BRH:0
end_of_record
TN:
SF:/home/rabiii3/Documents/redpelicans/tictactoe-winter-2019/src/components/User/Header.js
FN:16,(anonymous_0)
FNF:1
FNH:0
FNDA:0,(anonymous_0)
DA:1,0
DA:2,0
DA:3,0
DA:4,0
DA:5,0
DA:6,0
DA:7,0
DA:8,0
DA:10,0
DA:16,0
DA:17,0
DA:29,0
LF:12
LH:0
BRF:0
BRH:0
end_of_record
TN:
SF:/home/rabiii3/Documents/redpelicans/tictactoe-winter-2019/src/components/User/index.js
FN:21,(anonymous_0)
FNF:1
FNH:0
FNDA:0,(anonymous_0)
DA:1,0
DA:2,0
DA:3,0
DA:4,0
DA:5,0
DA:6,0
DA:7,0
DA:8,0
DA:10,0
DA:21,0
DA:22,0
DA:23,0
DA:40,0
LF:13
LH:0
BRF:0
BRH:0
end_of_record
TN:
SF:/home/rabiii3/Documents/redpelicans/tictactoe-winter-2019/src/hoc/auth.js
FN:5,(anonymous_0)
FN:5,(anonymous_1)
FN:6,(anonymous_2)
FNF:3
FNH:0
FNDA:0,(anonymous_0)
FNDA:0,(anonymous_1)
FNDA:0,(anonymous_2)
DA:1,0
DA:2,0
DA:3,0
DA:5,0
DA:6,0
DA:7,0
DA:14,0
DA:19,0
LF:8
LH:0
BRF:0
BRH:0
end_of_record
TN:
SF:/home/rabiii3/Documents/redpelicans/tictactoe-winter-2019/src/middlewares/myLogger.js
FN:3,(anonymous_0)
FN:3,(anonymous_1)
FN:3,(anonymous_2)
FN:11,(anonymous_3)
FN:11,(anonymous_4)
FN:11,(anonymous_5)
FNF:6
FNH:0
FNDA:0,(anonymous_0)
FNDA:0,(anonymous_1)
FNDA:0,(anonymous_2)
FNDA:0,(anonymous_3)
FNDA:0,(anonymous_4)
FNDA:0,(anonymous_5)
DA:1,0
DA:3,0
DA:4,0
DA:5,0
DA:6,0
DA:7,0
DA:8,0
DA:11,0
DA:12,0
LF:9
LH:0
BRDA:12,0,0,0
BRDA:12,0,1,0
BRF:2
BRH:0
end_of_record
TN:
SF:/home/rabiii3/Documents/redpelicans/tictactoe-winter-2019/src/reducers/game.js
FN:3,(anonymous_0)
FNF:1
FNH:1
FNDA:17,(anonymous_0)
DA:4,17
DA:6,0
DA:8,5
DA:10,3
DA:12,1
DA:14,8
LF:6
LH:5
BRDA:3,0,0,4
BRDA:4,1,0,0
BRDA:4,1,1,5
BRDA:4,1,2,3
BRDA:4,1,3,1
BRDA:4,1,4,8
BRF:6
BRH:5
end_of_record
TN:
SF:/home/rabiii3/Documents/redpelicans/tictactoe-winter-2019/src/reducers/history.js
FN:4,(anonymous_0)
FNF:1
FNH:1
FNDA:17,(anonymous_0)
DA:5,17
DA:7,1
DA:8,1
DA:9,1
DA:11,16
LF:5
LH:5
BRDA:4,0,0,4
BRDA:5,1,0,1
BRDA:5,1,1,16
BRDA:8,2,0,1
BRDA:8,2,1,0
BRDA:8,3,0,0
BRDA:8,3,1,1
BRF:7
BRH:5
end_of_record
TN:
SF:/home/rabiii3/Documents/redpelicans/tictactoe-winter-2019/src/reducers/index.js
FNF:0
FNH:0
DA:5,2
LF:1
LH:1
BRF:0
BRH:0
end_of_record
TN:
SF:/home/rabiii3/Documents/redpelicans/tictactoe-winter-2019/src/store/configureStore.dev.js
FN:8,(anonymous_0)
FNF:1
FNH:0
FNDA:0,(anonymous_0)
DA:1,0
DA:2,0
DA:3,0
DA:4,0
DA:5,0
DA:6,0
DA:8,0
DA:9,0
DA:10,0
DA:11,0
LF:10
LH:0
BRDA:8,0,0,0
BRF:1
BRH:0
end_of_record
TN:
SF:/home/rabiii3/Documents/redpelicans/tictactoe-winter-2019/src/store/configureStore.js
FNF:0
FNH:0
DA:2,0
DA:4,0
DA:5,0
DA:7,0
LF:4
LH:0
BRDA:4,0,0,0
BRDA:4,0,1,0
BRF:2
BRH:0
end_of_record
TN:
SF:/home/rabiii3/Documents/redpelicans/tictactoe-winter-2019/src/store/configureStore.prod.js
FN:5,(anonymous_0)
FNF:1
FNH:0
FNDA:0,(anonymous_0)
DA:1,0
DA:2,0
DA:3,0
DA:5,0
DA:6,0
DA:7,0
LF:6
LH:0
BRDA:5,0,0,0
BRF:1
BRH:0
end_of_record
TN:
SF:/home/rabiii3/Documents/redpelicans/tictactoe-winter-2019/src/store/configureStoreTest.js
FN:6,(anonymous_0)
FNF:1
FNH:1
FNDA:4,(anonymous_0)
DA:6,2
DA:7,4
DA:8,4
LF:3
LH:3
BRDA:6,0,0,0
BRDA:6,1,0,0
BRF:2
BRH:0
end_of_record
TN:
SF:/home/rabiii3/Documents/redpelicans/tictactoe-winter-2019/src/store/middlewares.js
FN:6,(anonymous_0)
FN:11,(anonymous_1)
FN:13,(anonymous_2)
FN:13,(anonymous_3)
FN:13,(anonymous_4)
FNF:5
FNH:5
FNDA:4,(anonymous_0)
FNDA:4,(anonymous_1)
FNDA:4,(anonymous_2)
FNDA:4,(anonymous_3)
FNDA:9,(anonymous_4)
DA:3,2
DA:4,2
DA:6,2
DA:7,4
DA:8,4
DA:11,2
DA:12,4
DA:13,4
DA:14,9
DA:15,9
DA:16,9
DA:17,4
DA:18,4
DA:19,0
DA:20,0
DA:22,4
DA:24,1
DA:25,1
DA:28,9
LF:19
LH:17
BRDA:7,0,0,0
BRDA:7,0,1,4
BRDA:11,1,0,0
BRDA:15,2,0,9
BRDA:15,2,1,6
BRDA:16,3,0,4
BRDA:16,3,1,5
BRDA:18,4,0,0
BRDA:18,4,1,4
BRDA:19,5,0,0
BRDA:19,5,1,0
BRF:11
BRH:6
end_of_record
